Using pre-set license
Built from '2020.3/release' branch; Version is '2020.3.31f1 (6b54b7616050) revision 7034039'; Using compiler version '192528614'; Build Type 'Release'
OS: 'Windows 10  (10.0.19044) 64bit CoreSingleLanguage' Language: 'ru' Physical Memory: 16322 MB
BatchMode: 1, IsHumanControllingUs: 0, StartBugReporterOnCrash: 0, Is64bit: 1, IsPro: 0

COMMAND LINE ARGUMENTS:
C:\Program Files\Unity\Hub\Editor\2020.3.31f1\Editor\Unity.exe
-adb2
-batchMode
-noUpm
-name
AssetImportWorker0
-projectPath
D:/Projects/ThirdPersonShooter
-logFile
Logs/AssetImportWorker0.log
-srvPort
51032
Successfully changed project path to: D:/Projects/ThirdPersonShooter
D:/Projects/ThirdPersonShooter
Using Asset Import Pipeline V2.
Refreshing native plugins compatible for Editor in 99.97 ms, found 2 plugins.
Preloading 0 native plugins for Editor in 0.00 ms.
Initialize engine version: 2020.3.31f1 (6b54b7616050)
[Subsystems] Discovering subsystems at path C:/Program Files/Unity/Hub/Editor/2020.3.31f1/Editor/Data/Resources/UnitySubsystems
[Subsystems] Discovering subsystems at path D:/Projects/ThirdPersonShooter/Assets
GfxDevice: creating device client; threaded=0
Direct3D:
    Version:  Direct3D 11.0 [level 11.1]
    Renderer: NVIDIA GeForce GTX 1660 Ti (ID=0x2182)
    Vendor:   
    VRAM:     5991 MB
    Driver:   30.0.14.9709
Shader 'WFX/Transparent Specular': fallback shader 'Particles/Alpha Blended' not found
Shader 'WFX/Transparent Diffuse': fallback shader 'Particles/Alpha Blended' not found
Initialize mono
Mono path[0] = 'C:/Program Files/Unity/Hub/Editor/2020.3.31f1/Editor/Data/Managed'
Mono path[1] = 'C:/Program Files/Unity/Hub/Editor/2020.3.31f1/Editor/Data/MonoBleedingEdge/lib/mono/unityjit'
Mono config path = 'C:/Program Files/Unity/Hub/Editor/2020.3.31f1/Editor/Data/MonoBleedingEdge/etc'
Using monoOptions --debugger-agent=transport=dt_socket,embedding=1,server=y,suspend=n,address=127.0.0.1:56804
Begin MonoManager ReloadAssembly
Registering precompiled unity dll's ...
Register platform support module: C:/Program Files/Unity/Hub/Editor/2020.3.31f1/Editor/Data/PlaybackEngines/WindowsStandaloneSupport/UnityEditor.WindowsStandalone.Extensions.dll
Registered in 0.002856 seconds.
Native extension for WindowsStandalone target not found
Refreshing native plugins compatible for Editor in 102.76 ms, found 2 plugins.
Preloading 0 native plugins for Editor in 0.00 ms.
Mono: successfully reloaded assembly
- Completed reload, in  1.200 seconds
Domain Reload Profiling:
	ReloadAssembly (1201ms)
		BeginReloadAssembly (123ms)
			ExecutionOrderSort (0ms)
			DisableScriptedObjects (0ms)
			BackupInstance (0ms)
			ReleaseScriptingObjects (0ms)
			CreateAndSetChildDomain (1ms)
		EndReloadAssembly (935ms)
			LoadAssemblies (119ms)
			RebuildTransferFunctionScriptingTraits (0ms)
			SetupTypeCache (341ms)
			ReleaseScriptCaches (0ms)
			RebuildScriptCaches (57ms)
			SetupLoadedEditorAssemblies (327ms)
				LogAssemblyErrors (0ms)
				InitializePlatformSupportModulesInManaged (5ms)
				SetLoadedEditorAssemblies (0ms)
				RefreshPlugins (103ms)
				BeforeProcessingInitializeOnLoad (23ms)
				ProcessInitializeOnLoadAttributes (118ms)
				ProcessInitializeOnLoadMethodAttributes (78ms)
				AfterProcessingInitializeOnLoad (0ms)
				EditorAssembliesLoaded (0ms)
			ExecutionOrderSort2 (0ms)
			AwakeInstancesAfterBackupRestoration (0ms)
Platform modules already initialized, skipping
Registering precompiled user dll's ...
Registered in 0.004321 seconds.
Begin MonoManager ReloadAssembly
Native extension for WindowsStandalone target not found
Refreshing native plugins compatible for Editor in 63.46 ms, found 2 plugins.
Preloading 0 native plugins for Editor in 0.00 ms.
Mono: successfully reloaded assembly
- Completed reload, in  2.371 seconds
Domain Reload Profiling:
	ReloadAssembly (2372ms)
		BeginReloadAssembly (201ms)
			ExecutionOrderSort (0ms)
			DisableScriptedObjects (5ms)
			BackupInstance (0ms)
			ReleaseScriptingObjects (0ms)
			CreateAndSetChildDomain (29ms)
		EndReloadAssembly (2088ms)
			LoadAssemblies (124ms)
			RebuildTransferFunctionScriptingTraits (0ms)
			SetupTypeCache (379ms)
			ReleaseScriptCaches (1ms)
			RebuildScriptCaches (68ms)
			SetupLoadedEditorAssemblies (1375ms)
				LogAssemblyErrors (0ms)
				InitializePlatformSupportModulesInManaged (4ms)
				SetLoadedEditorAssemblies (0ms)
				RefreshPlugins (64ms)
				BeforeProcessingInitializeOnLoad (88ms)
				ProcessInitializeOnLoadAttributes (1202ms)
				ProcessInitializeOnLoadMethodAttributes (9ms)
				AfterProcessingInitializeOnLoad (7ms)
				EditorAssembliesLoaded (0ms)
			ExecutionOrderSort2 (0ms)
			AwakeInstancesAfterBackupRestoration (8ms)
Platform modules already initialized, skipping
========================================================================
Worker process is ready to serve import requests
Shader 'WFX/Transparent Specular': fallback shader 'Particles/Alpha Blended' not found
Shader 'WFX/Transparent Diffuse': fallback shader 'Particles/Alpha Blended' not found
Launched and connected shader compiler UnityShaderCompiler.exe after 0.37 seconds
Refreshing native plugins compatible for Editor in 0.70 ms, found 2 plugins.
Preloading 0 native plugins for Editor in 0.00 ms.
Unloading 2407 Unused Serialized files (Serialized files now loaded: 0)
System memory in use before: 109.1 MB.
System memory in use after: 109.3 MB.

Unloading 21 unused Assets to reduce memory usage. Loaded Objects now: 2845.
Total: 3.763200 ms (FindLiveObjects: 0.402300 ms CreateObjectMapping: 0.238000 ms MarkObjects: 3.061900 ms  DeleteObjects: 0.060100 ms)

AssetImportParameters requested are different than current active one (requested -> active):
  custom:framework-win-MediaFoundation: 216162199b28c13a410421893ffa2e32 -> 
  custom:video-decoder-ogg-theora: a1e56fd34408186e4bbccfd4996cb3dc -> 
  custom:container-muxer-webm: aa71ff27fc2769a1b78a27578f13a17b -> 
  custom:container-demuxer-webm: 4f35f7cbe854078d1ac9338744f61a02 -> 
  custom:container-demuxer-ogg: 62fdf1f143b41e24485cea50d1cbac27 -> 
  custom:video-encoder-webm-vp8: eb34c28f22e8b96e1ab97ce403110664 -> 
  custom:video-codec-MediaFoundation-h265: 746d11721c4dcdbdad8f713fa42b33f4 -> 
  custom:video-decoder-webm-vp8: 9c59270c3fd7afecdb556c50c9e8de78 -> 
  custom:audio-decoder-ogg-vorbis: bf7c407c2cedff20999df2af8eb42d56 -> 
  custom:audio-encoder-webm-vorbis: bf7c407c2cedff20999df2af8eb42d56 -> 
========================================================================
Received Import Request.
  path: Assets/TeKniKo_Free/Power_Ups/Prefabs/Question_Up.prefab
  artifactKey: Guid(665cc4af457cf3340bdc625c6b87a9a3) Importer(815301076,1909f56bfc062723c751e8b465ee728b)
Start importing Assets/TeKniKo_Free/Power_Ups/Prefabs/Question_Up.prefab using Guid(665cc4af457cf3340bdc625c6b87a9a3) Importer(815301076,1909f56bfc062723c751e8b465ee728b)  -> (artifact id: '483a141701136a7f98b515256a2eaf43') in 0.108569 seconds 
========================================================================
Received Import Request.
  Time since last request: 0.000193 seconds.
  path: Assets/TeKniKo_Free/Power_Ups/Prefabs/Exclamation_Up.prefab
  artifactKey: Guid(b2e057f9c821a914c95ef79e3a673e56) Importer(815301076,1909f56bfc062723c751e8b465ee728b)
Start importing Assets/TeKniKo_Free/Power_Ups/Prefabs/Exclamation_Up.prefab using Guid(b2e057f9c821a914c95ef79e3a673e56) Importer(815301076,1909f56bfc062723c751e8b465ee728b)  -> (artifact id: '1a31d7edc68ef96314f40946c37fd008') in 0.038829 seconds 
========================================================================
Received Import Request.
  Time since last request: 0.000228 seconds.
  path: Assets/TeKniKo_Free/Power_Ups/Prefabs/Heal_Up.prefab
  artifactKey: Guid(e94711451283b5e4ea97dd9bec1c8506) Importer(815301076,1909f56bfc062723c751e8b465ee728b)
Start importing Assets/TeKniKo_Free/Power_Ups/Prefabs/Heal_Up.prefab using Guid(e94711451283b5e4ea97dd9bec1c8506) Importer(815301076,1909f56bfc062723c751e8b465ee728b)  -> (artifact id: '365855e1c54163db8858dadb12b5b141') in 0.048430 seconds 
========================================================================
Received Import Request.
  Time since last request: 0.000355 seconds.
  path: Assets/TeKniKo_Free/Power_Ups/Prefabs/Rocket_Up.prefab
  artifactKey: Guid(836d7ac5b25afc746ac6cd6b74c295d0) Importer(815301076,1909f56bfc062723c751e8b465ee728b)
Start importing Assets/TeKniKo_Free/Power_Ups/Prefabs/Rocket_Up.prefab using Guid(836d7ac5b25afc746ac6cd6b74c295d0) Importer(815301076,1909f56bfc062723c751e8b465ee728b)  -> (artifact id: 'eca85f0cd33e4d83e451abf2972510a4') in 0.027205 seconds 
========================================================================
Received Import Request.
  Time since last request: 0.000289 seconds.
  path: Assets/TeKniKo_Free/Power_Ups/Prefabs/Star_Up.prefab
  artifactKey: Guid(2c19505c3f3b0ce489bbc1852e94c484) Importer(815301076,1909f56bfc062723c751e8b465ee728b)
Start importing Assets/TeKniKo_Free/Power_Ups/Prefabs/Star_Up.prefab using Guid(2c19505c3f3b0ce489bbc1852e94c484) Importer(815301076,1909f56bfc062723c751e8b465ee728b)  -> (artifact id: 'ccd5ce87656becf5221864ecccdc106f') in 0.040081 seconds 
========================================================================
Received Import Request.
  Time since last request: 0.000349 seconds.
  path: Assets/TeKniKo_Free/Power_Ups/Prefabs
  artifactKey: Guid(73ef058c628da524f98494dc325c7f3b) Importer(815301076,1909f56bfc062723c751e8b465ee728b)
Start importing Assets/TeKniKo_Free/Power_Ups/Prefabs using Guid(73ef058c628da524f98494dc325c7f3b) Importer(815301076,1909f56bfc062723c751e8b465ee728b)  -> (artifact id: '7d970cb6209ccb313db8e33e8efe9cb4') in 0.010623 seconds 
========================================================================
Received Import Request.
  Time since last request: 0.000278 seconds.
  path: Assets/TeKniKo_Free/Power_Ups/Prefabs/Power_Down.prefab
  artifactKey: Guid(653c3732efbc40d42a18d07465d2a592) Importer(815301076,1909f56bfc062723c751e8b465ee728b)
Start importing Assets/TeKniKo_Free/Power_Ups/Prefabs/Power_Down.prefab using Guid(653c3732efbc40d42a18d07465d2a592) Importer(815301076,1909f56bfc062723c751e8b465ee728b)  -> (artifact id: '8aac8b227306ee4f77c16dc665c33ec8') in 0.057359 seconds 
========================================================================
Received Import Request.
  Time since last request: 0.000260 seconds.
  path: Assets/TeKniKo_Free
  artifactKey: Guid(a3479045614965a46921257459ea1bd6) Importer(815301076,1909f56bfc062723c751e8b465ee728b)
Start importing Assets/TeKniKo_Free using Guid(a3479045614965a46921257459ea1bd6) Importer(815301076,1909f56bfc062723c751e8b465ee728b)  -> (artifact id: '100e935cf6ba716e1898c78f1af85bdf') in 0.048962 seconds 
========================================================================
Received Import Request.
  Time since last request: 0.008584 seconds.
  path: Assets/TeKniKo_Free/Power_Ups/Prefabs/Heart_Up.prefab
  artifactKey: Guid(1396a2ea9f077044493cb2b01308fce0) Importer(815301076,1909f56bfc062723c751e8b465ee728b)
Start importing Assets/TeKniKo_Free/Power_Ups/Prefabs/Heart_Up.prefab using Guid(1396a2ea9f077044493cb2b01308fce0) Importer(815301076,1909f56bfc062723c751e8b465ee728b)  -> (artifact id: 'b9ad685af1744b6e8a81685aab39ed7e') in 0.027404 seconds 
========================================================================
Received Import Request.
  Time since last request: 0.000254 seconds.
  path: Assets/TeKniKo_Free/Power_Ups
  artifactKey: Guid(745a8543c5527de41b0768bd480cf606) Importer(815301076,1909f56bfc062723c751e8b465ee728b)
Start importing Assets/TeKniKo_Free/Power_Ups using Guid(745a8543c5527de41b0768bd480cf606) Importer(815301076,1909f56bfc062723c751e8b465ee728b)  -> (artifact id: '64950e92c17c2206f0042cfa00cd6010') in 0.008045 seconds 
========================================================================
Received Import Request.
  Time since last request: 0.000233 seconds.
  path: Assets/TeKniKo_Free/Power_Ups/Prefabs/Bullet_Up.prefab
  artifactKey: Guid(482a23eb854875b4ea0a9d1394443a6b) Importer(815301076,1909f56bfc062723c751e8b465ee728b)
Start importing Assets/TeKniKo_Free/Power_Ups/Prefabs/Bullet_Up.prefab using Guid(482a23eb854875b4ea0a9d1394443a6b) Importer(815301076,1909f56bfc062723c751e8b465ee728b)  -> (artifact id: 'e8487486b1230f9a870dda296f0d0043') in 0.174763 seconds 
========================================================================
Received Import Request.
  Time since last request: 0.000253 seconds.
  path: Assets/TeKniKo_Free/Power_Ups/Prefabs/Power_Up.prefab
  artifactKey: Guid(77c2108e75a6da04b8a9c2d5f73fc910) Importer(815301076,1909f56bfc062723c751e8b465ee728b)
Start importing Assets/TeKniKo_Free/Power_Ups/Prefabs/Power_Up.prefab using Guid(77c2108e75a6da04b8a9c2d5f73fc910) Importer(815301076,1909f56bfc062723c751e8b465ee728b)  -> (artifact id: '2bc29028af7fdd5286eb3b5eb095f733') in 0.026965 seconds 
========================================================================
Received Import Request.
  Time since last request: 0.000136 seconds.
  path: Assets/TeKniKo_Free/Power_Ups/Prefabs/PowerUp_Sphere.prefab
  artifactKey: Guid(84221c5d9e2cf0b488ddb37026596b45) Importer(815301076,1909f56bfc062723c751e8b465ee728b)
Start importing Assets/TeKniKo_Free/Power_Ups/Prefabs/PowerUp_Sphere.prefab using Guid(84221c5d9e2cf0b488ddb37026596b45) Importer(815301076,1909f56bfc062723c751e8b465ee728b)  -> (artifact id: '8f8c4c66965cc8b2e63b40f83c4ac5d7') in 0.029860 seconds 
========================================================================
Received Import Request.
  Time since last request: 0.000229 seconds.
  path: Assets/TeKniKo_Free/Power_Ups/Prefabs/Coin_Up.prefab
  artifactKey: Guid(e0bfc7479007bc1479a9f7d769c5056e) Importer(815301076,1909f56bfc062723c751e8b465ee728b)
Start importing Assets/TeKniKo_Free/Power_Ups/Prefabs/Coin_Up.prefab using Guid(e0bfc7479007bc1479a9f7d769c5056e) Importer(815301076,1909f56bfc062723c751e8b465ee728b)  -> (artifact id: '0b4cb2b4f366e254695e9130797cbf50') in 0.033378 seconds 
========================================================================
Received Import Request.
  Time since last request: 18.777371 seconds.
  path: Assets/TeKniKo_Free/Power_Ups/FBX
  artifactKey: Guid(1a439674a4fe8654ba701abb53161d44) Importer(815301076,1909f56bfc062723c751e8b465ee728b)
Start importing Assets/TeKniKo_Free/Power_Ups/FBX using Guid(1a439674a4fe8654ba701abb53161d44) Importer(815301076,1909f56bfc062723c751e8b465ee728b)  -> (artifact id: '1e5c796c2ad9d5276bde1b722761bb0f') in 0.007424 seconds 
========================================================================
Received Import Request.
  Time since last request: 0.020922 seconds.
  path: Assets/TeKniKo_Free/Power_Ups/FBX/Bullet_Up.fbx
  artifactKey: Guid(922c2067d18091f4f96f481884258e16) Importer(815301076,1909f56bfc062723c751e8b465ee728b)
Start importing Assets/TeKniKo_Free/Power_Ups/FBX/Bullet_Up.fbx using Guid(922c2067d18091f4f96f481884258e16) Importer(815301076,1909f56bfc062723c751e8b465ee728b)  -> (artifact id: '07d0a77c700e8c5679c7fe077d9eab7d') in 0.117137 seconds 
========================================================================
Received Import Request.
  Time since last request: 0.000153 seconds.
  path: Assets/TeKniKo_Free/Power_Ups/FBX/Exclamation_Up.fbx
  artifactKey: Guid(c3b4e91ec3973124b8f57d9243afaeef) Importer(815301076,1909f56bfc062723c751e8b465ee728b)
Start importing Assets/TeKniKo_Free/Power_Ups/FBX/Exclamation_Up.fbx using Guid(c3b4e91ec3973124b8f57d9243afaeef) Importer(815301076,1909f56bfc062723c751e8b465ee728b)  -> (artifact id: 'adc95a94db7894a31082e5644a2cdb25') in 0.039284 seconds 
========================================================================
Received Import Request.
  Time since last request: 0.030266 seconds.
  path: Assets/TeKniKo_Free/Power_Ups/FBX/Heal_Up.fbx
  artifactKey: Guid(4fb1a0ccf8c8571438b503faefc080ed) Importer(815301076,1909f56bfc062723c751e8b465ee728b)
Start importing Assets/TeKniKo_Free/Power_Ups/FBX/Heal_Up.fbx using Guid(4fb1a0ccf8c8571438b503faefc080ed) Importer(815301076,1909f56bfc062723c751e8b465ee728b)  -> (artifact id: '6edfb7b15bf121f667de876b0ddab959') in 0.028980 seconds 
========================================================================
Received Import Request.
  Time since last request: 0.000168 seconds.
  path: Assets/TeKniKo_Free/Power_Ups/FBX/Heart_Up.fbx
  artifactKey: Guid(81990b1212ea60b40a40b25139f973be) Importer(815301076,1909f56bfc062723c751e8b465ee728b)
Start importing Assets/TeKniKo_Free/Power_Ups/FBX/Heart_Up.fbx using Guid(81990b1212ea60b40a40b25139f973be) Importer(815301076,1909f56bfc062723c751e8b465ee728b)  -> (artifact id: 'a4f84966ea3e362f3bd7dc6fd6b4fb36') in 0.045302 seconds 
========================================================================
Received Import Request.
  Time since last request: 0.000175 seconds.
  path: Assets/TeKniKo_Free/Power_Ups/FBX/Question_Up.fbx
  artifactKey: Guid(e1aaa277c3bda4d42abd5ccd4fd6fce1) Importer(815301076,1909f56bfc062723c751e8b465ee728b)
Start importing Assets/TeKniKo_Free/Power_Ups/FBX/Question_Up.fbx using Guid(e1aaa277c3bda4d42abd5ccd4fd6fce1) Importer(815301076,1909f56bfc062723c751e8b465ee728b)  -> (artifact id: 'e70a45f44d1b83f66e7e24e6facbff96') in 0.036071 seconds 
========================================================================
Received Import Request.
  Time since last request: 0.000172 seconds.
  path: Assets/TeKniKo_Free/Power_Ups/FBX/Power_Up.fbx
  artifactKey: Guid(557490a6fbfe06f4ca0d7320b4ec78fd) Importer(815301076,1909f56bfc062723c751e8b465ee728b)
Start importing Assets/TeKniKo_Free/Power_Ups/FBX/Power_Up.fbx using Guid(557490a6fbfe06f4ca0d7320b4ec78fd) Importer(815301076,1909f56bfc062723c751e8b465ee728b)  -> (artifact id: '09d9c2b5a38e863c3112d15e42b5e34b') in 0.032088 seconds 
========================================================================
Received Import Request.
  Time since last request: 0.000188 seconds.
  path: Assets/TeKniKo_Free/Power_Ups/FBX/Rocket_Up.fbx
  artifactKey: Guid(260fa001b1efa8a47aae01e9ec412837) Importer(815301076,1909f56bfc062723c751e8b465ee728b)
Start importing Assets/TeKniKo_Free/Power_Ups/FBX/Rocket_Up.fbx using Guid(260fa001b1efa8a47aae01e9ec412837) Importer(815301076,1909f56bfc062723c751e8b465ee728b)  -> (artifact id: 'c1de5a1d016e6214f0112d176ee04549') in 0.027678 seconds 
========================================================================
Received Import Request.
  Time since last request: 0.000161 seconds.
  path: Assets/TeKniKo_Free/Power_Ups/FBX/Star_Up.fbx
  artifactKey: Guid(3c37ffcb9b2db5047b607bc24b6fa485) Importer(815301076,1909f56bfc062723c751e8b465ee728b)
Start importing Assets/TeKniKo_Free/Power_Ups/FBX/Star_Up.fbx using Guid(3c37ffcb9b2db5047b607bc24b6fa485) Importer(815301076,1909f56bfc062723c751e8b465ee728b)  -> (artifact id: '1e9e8fd98fb009677e9b0c6240ea90e8') in 0.028440 seconds 
========================================================================
Received Import Request.
  Time since last request: 0.000181 seconds.
  path: Assets/TeKniKo_Free/Power_Ups/FBX/Power_Down.fbx
  artifactKey: Guid(391414abcedc42d429d7813e0ef7be01) Importer(815301076,1909f56bfc062723c751e8b465ee728b)
Start importing Assets/TeKniKo_Free/Power_Ups/FBX/Power_Down.fbx using Guid(391414abcedc42d429d7813e0ef7be01) Importer(815301076,1909f56bfc062723c751e8b465ee728b)  -> (artifact id: 'fb9644b747a6e6b8b8e67553a0bacdb3') in 0.030236 seconds 
========================================================================
Received Import Request.
  Time since last request: 0.001655 seconds.
  path: Assets/TeKniKo_Free/Power_Ups/FBX/Coin_Up.fbx
  artifactKey: Guid(322f3ac1008abeb469dc83ee1e4ab54c) Importer(815301076,1909f56bfc062723c751e8b465ee728b)
Start importing Assets/TeKniKo_Free/Power_Ups/FBX/Coin_Up.fbx using Guid(322f3ac1008abeb469dc83ee1e4ab54c) Importer(815301076,1909f56bfc062723c751e8b465ee728b)  -> (artifact id: 'ae0cb5960820db366858d2fcec9fccea') in 0.043904 seconds 
========================================================================
Received Import Request.
  Time since last request: 41.411248 seconds.
  path: Assets/TeKniKo_Free/Power_Ups/Shader
  artifactKey: Guid(3ef5f95672ef1c04c9f98849f08443e7) Importer(815301076,1909f56bfc062723c751e8b465ee728b)
Start importing Assets/TeKniKo_Free/Power_Ups/Shader using Guid(3ef5f95672ef1c04c9f98849f08443e7) Importer(815301076,1909f56bfc062723c751e8b465ee728b)  -> (artifact id: 'e37f17509242ea619ec445269dd1d111') in 0.016386 seconds 
========================================================================
Received Import Request.
  Time since last request: 494.981397 seconds.
  path: Assets/Level/Textures/Polygon_Plane_Texture_01.png
  artifactKey: Guid(a969091ee1740c3469cc70c44c3caa60) Importer(815301076,1909f56bfc062723c751e8b465ee728b)
Start importing Assets/Level/Textures/Polygon_Plane_Texture_01.png using Guid(a969091ee1740c3469cc70c44c3caa60) Importer(815301076,1909f56bfc062723c751e8b465ee728b)  -> (artifact id: '01e1ccf60090e82068584059dbebda8a') in 0.079135 seconds 
========================================================================
Received Import Request.
  Time since last request: 0.000164 seconds.
  path: Assets/Level/Textures/PolygonStarter_Texture_01.png
  artifactKey: Guid(6cf54faba48b51c45af7d22ca798531f) Importer(815301076,1909f56bfc062723c751e8b465ee728b)
Start importing Assets/Level/Textures/PolygonStarter_Texture_01.png using Guid(6cf54faba48b51c45af7d22ca798531f) Importer(815301076,1909f56bfc062723c751e8b465ee728b)  -> (artifact id: 'aa09638111ed31d5b4c09ff1fa6b7762') in 0.011513 seconds 
========================================================================
Received Import Request.
  Time since last request: 0.000237 seconds.
  path: Assets/Level/Textures/PolygonStarter_Texture_02.png
  artifactKey: Guid(1ef3316ad51610e4ea3782e70ea9be4a) Importer(815301076,1909f56bfc062723c751e8b465ee728b)
Start importing Assets/Level/Textures/PolygonStarter_Texture_02.png using Guid(1ef3316ad51610e4ea3782e70ea9be4a) Importer(815301076,1909f56bfc062723c751e8b465ee728b)  -> (artifact id: '82557f47b311f23bd1e58b1c7d0e022d') in 0.009596 seconds 
========================================================================
Received Import Request.
  Time since last request: 0.000197 seconds.
  path: Assets/Level/Textures/Polygon_Plane_Texture_04.png
  artifactKey: Guid(3c88dab59f29ae7439e1be3c8742bd88) Importer(815301076,1909f56bfc062723c751e8b465ee728b)
Start importing Assets/Level/Textures/Polygon_Plane_Texture_04.png using Guid(3c88dab59f29ae7439e1be3c8742bd88) Importer(815301076,1909f56bfc062723c751e8b465ee728b)  -> (artifact id: '0253d8f4f14bcc3985cd24df6ebf9f1f') in 0.052560 seconds 
========================================================================
Received Import Request.
  Time since last request: 0.000186 seconds.
  path: Assets/Level/Textures/Polygon_Plane_Texture_03.png
  artifactKey: Guid(ab16207b9b940c14687cad2ecf62259f) Importer(815301076,1909f56bfc062723c751e8b465ee728b)
Start importing Assets/Level/Textures/Polygon_Plane_Texture_03.png using Guid(ab16207b9b940c14687cad2ecf62259f) Importer(815301076,1909f56bfc062723c751e8b465ee728b)  -> (artifact id: '0c5f0a55a32eef00688ad85190aef5c3') in 0.047128 seconds 
========================================================================
Received Import Request.
  Time since last request: 0.000158 seconds.
  path: Assets/Level/Textures/Polygon_Plane_Texture_02.png
  artifactKey: Guid(addc2d43f6566e24d8bd5924661c6c7d) Importer(815301076,1909f56bfc062723c751e8b465ee728b)
Start importing Assets/Level/Textures/Polygon_Plane_Texture_02.png using Guid(addc2d43f6566e24d8bd5924661c6c7d) Importer(815301076,1909f56bfc062723c751e8b465ee728b)  -> (artifact id: '4c4de02d3f5034a5bdede651da98d07b') in 0.050285 seconds 
========================================================================
Received Import Request.
  Time since last request: 0.000152 seconds.
  path: Assets/Level/Textures/Simple_Sky_Texture_01.png
  artifactKey: Guid(a073e30cf8f3cab47b5cf5aa2df423f3) Importer(815301076,1909f56bfc062723c751e8b465ee728b)
Start importing Assets/Level/Textures/Simple_Sky_Texture_01.png using Guid(a073e30cf8f3cab47b5cf5aa2df423f3) Importer(815301076,1909f56bfc062723c751e8b465ee728b)  -> (artifact id: 'bb3f633d8dfca0863548b97526ee3ba5') in 0.019273 seconds 
========================================================================
Received Import Request.
  Time since last request: 0.000167 seconds.
  path: Assets/Level/Textures/PolygonStarter_Texture_03.png
  artifactKey: Guid(eac0676553323674aa7d6e8e4d94dec1) Importer(815301076,1909f56bfc062723c751e8b465ee728b)
Start importing Assets/Level/Textures/PolygonStarter_Texture_03.png using Guid(eac0676553323674aa7d6e8e4d94dec1) Importer(815301076,1909f56bfc062723c751e8b465ee728b)  -> (artifact id: 'f1e6f8471eebd3c956a41c1e3296eb7d') in 0.008379 seconds 
========================================================================
Received Import Request.
  Time since last request: 0.000163 seconds.
  path: Assets/Level/Textures/PolygonStarter_Texture_04.png
  artifactKey: Guid(051364296435f87449810911a2f9c4e8) Importer(815301076,1909f56bfc062723c751e8b465ee728b)
Start importing Assets/Level/Textures/PolygonStarter_Texture_04.png using Guid(051364296435f87449810911a2f9c4e8) Importer(815301076,1909f56bfc062723c751e8b465ee728b)  -> (artifact id: 'f7ae63f73f98ca96bac34e1b0a8b6768') in 0.008376 seconds 
========================================================================
Received Import Request.
  Time since last request: 16.845076 seconds.
  path: Assets/Level/Textures
  artifactKey: Guid(79e36706a513965488c1ead917abf85b) Importer(815301076,1909f56bfc062723c751e8b465ee728b)
Start importing Assets/Level/Textures using Guid(79e36706a513965488c1ead917abf85b) Importer(815301076,1909f56bfc062723c751e8b465ee728b)  -> (artifact id: '5ee530a170f9e03295a2b4e97f2865e6') in 0.004541 seconds 
========================================================================
Received Import Request.
  Time since last request: 35.361793 seconds.
  path: Assets/Prefabs/New Material.mat
  artifactKey: Guid(0b073c85140943d45999876cbf601669) Importer(815301076,1909f56bfc062723c751e8b465ee728b)
Start importing Assets/Prefabs/New Material.mat using Guid(0b073c85140943d45999876cbf601669) Importer(815301076,1909f56bfc062723c751e8b465ee728b)  -> (artifact id: 'e714a87cf0419c46793c09b77c744da6') in 0.033404 seconds 
========================================================================
Received Import Request.
  Time since last request: 103.105446 seconds.
  path: Assets/Prefabs/PickUpItem.prefab
  artifactKey: Guid(5fc29c2c06c3ae841b76e644afdd2425) Importer(815301076,1909f56bfc062723c751e8b465ee728b)
Start importing Assets/Prefabs/PickUpItem.prefab using Guid(5fc29c2c06c3ae841b76e644afdd2425) Importer(815301076,1909f56bfc062723c751e8b465ee728b)  -> (artifact id: 'ce332bdd0802405a3e31d196287bf628') in 0.015193 seconds 
========================================================================
Received Import Request.
  Time since last request: 156.419539 seconds.
  path: Assets/Prefabs/PickUpItem.prefab
  artifactKey: Guid(5fc29c2c06c3ae841b76e644afdd2425) Importer(815301076,1909f56bfc062723c751e8b465ee728b)
Start importing Assets/Prefabs/PickUpItem.prefab using Guid(5fc29c2c06c3ae841b76e644afdd2425) Importer(815301076,1909f56bfc062723c751e8b465ee728b)  -> (artifact id: '75e4cc882bf94c399c55a4a9983efab3') in 0.008406 seconds 
========================================================================
Received Import Request.
  Time since last request: 4.461172 seconds.
  path: Assets/Prefabs/PickUpItem.prefab
  artifactKey: Guid(5fc29c2c06c3ae841b76e644afdd2425) Importer(815301076,1909f56bfc062723c751e8b465ee728b)
Start importing Assets/Prefabs/PickUpItem.prefab using Guid(5fc29c2c06c3ae841b76e644afdd2425) Importer(815301076,1909f56bfc062723c751e8b465ee728b)  -> (artifact id: 'd964b507ec6fed7906e01b7ae40f522b') in 0.007300 seconds 
========================================================================
Received Import Request.
  Time since last request: 3.090641 seconds.
  path: Assets/Prefabs/PickUpItem.prefab
  artifactKey: Guid(5fc29c2c06c3ae841b76e644afdd2425) Importer(815301076,1909f56bfc062723c751e8b465ee728b)
Start importing Assets/Prefabs/PickUpItem.prefab using Guid(5fc29c2c06c3ae841b76e644afdd2425) Importer(815301076,1909f56bfc062723c751e8b465ee728b)  -> (artifact id: '156a73d013a902567b2c4e1afff8a134') in 0.014770 seconds 
========================================================================
Received Import Request.
  Time since last request: 83.972585 seconds.
  path: Assets/Prefabs/PickUpItem.prefab
  artifactKey: Guid(5fc29c2c06c3ae841b76e644afdd2425) Importer(815301076,1909f56bfc062723c751e8b465ee728b)
Start importing Assets/Prefabs/PickUpItem.prefab using Guid(5fc29c2c06c3ae841b76e644afdd2425) Importer(815301076,1909f56bfc062723c751e8b465ee728b)  -> (artifact id: 'da4e3096b002de175722203ffe5bf0a4') in 0.014818 seconds 
========================================================================
Received Import Request.
  Time since last request: 1.994077 seconds.
  path: Assets/Prefabs/PickUpItem.prefab
  artifactKey: Guid(5fc29c2c06c3ae841b76e644afdd2425) Importer(815301076,1909f56bfc062723c751e8b465ee728b)
Start importing Assets/Prefabs/PickUpItem.prefab using Guid(5fc29c2c06c3ae841b76e644afdd2425) Importer(815301076,1909f56bfc062723c751e8b465ee728b)  -> (artifact id: 'b8c09ae7e9eeca126137726d3f0cdd7a') in 0.023627 seconds 
========================================================================
Received Import Request.
  Time since last request: 13.977624 seconds.
  path: Assets/Prefabs/Health PickUpItem.prefab
  artifactKey: Guid(5fc29c2c06c3ae841b76e644afdd2425) Importer(815301076,1909f56bfc062723c751e8b465ee728b)
Start importing Assets/Prefabs/Health PickUpItem.prefab using Guid(5fc29c2c06c3ae841b76e644afdd2425) Importer(815301076,1909f56bfc062723c751e8b465ee728b)  -> (artifact id: 'a8a7c1ca7373af7d4666bc14f751a2fb') in 0.018456 seconds 
========================================================================
Received Import Request.
  Time since last request: 17.711924 seconds.
  path: Assets/Prefabs/Health PickUpItem.prefab
  artifactKey: Guid(5fc29c2c06c3ae841b76e644afdd2425) Importer(815301076,1909f56bfc062723c751e8b465ee728b)
Start importing Assets/Prefabs/Health PickUpItem.prefab using Guid(5fc29c2c06c3ae841b76e644afdd2425) Importer(815301076,1909f56bfc062723c751e8b465ee728b)  -> (artifact id: 'd4988c41bb124e0b57ed250c9172b91d') in 0.031756 seconds 
========================================================================
Received Import Request.
  Time since last request: 8.475078 seconds.
  path: Assets/Prefabs/Health PickUpItem.prefab
  artifactKey: Guid(5fc29c2c06c3ae841b76e644afdd2425) Importer(815301076,1909f56bfc062723c751e8b465ee728b)
Start importing Assets/Prefabs/Health PickUpItem.prefab using Guid(5fc29c2c06c3ae841b76e644afdd2425) Importer(815301076,1909f56bfc062723c751e8b465ee728b)  -> (artifact id: 'aa7687413c70da68f91e9a4780832072') in 0.038465 seconds 
========================================================================
Received Import Request.
  Time since last request: 16.152127 seconds.
  path: Assets/Prefabs/Health PickUpItem.prefab
  artifactKey: Guid(5fc29c2c06c3ae841b76e644afdd2425) Importer(815301076,1909f56bfc062723c751e8b465ee728b)
Start importing Assets/Prefabs/Health PickUpItem.prefab using Guid(5fc29c2c06c3ae841b76e644afdd2425) Importer(815301076,1909f56bfc062723c751e8b465ee728b)  -> (artifact id: '493d49f645347ea9716b6f6a3d1a14fa') in 0.033424 seconds 
========================================================================
Received Import Request.
  Time since last request: 2.191256 seconds.
  path: Assets/Prefabs/Health PickUpItem.prefab
  artifactKey: Guid(5fc29c2c06c3ae841b76e644afdd2425) Importer(815301076,1909f56bfc062723c751e8b465ee728b)
Start importing Assets/Prefabs/Health PickUpItem.prefab using Guid(5fc29c2c06c3ae841b76e644afdd2425) Importer(815301076,1909f56bfc062723c751e8b465ee728b)  -> (artifact id: '432eb7fd40b4bcd2d982747217adb020') in 0.045882 seconds 
========================================================================
Received Import Request.
  Time since last request: 5.785802 seconds.
  path: Assets/Prefabs/Health PickUpItem.prefab
  artifactKey: Guid(5fc29c2c06c3ae841b76e644afdd2425) Importer(815301076,1909f56bfc062723c751e8b465ee728b)
Start importing Assets/Prefabs/Health PickUpItem.prefab using Guid(5fc29c2c06c3ae841b76e644afdd2425) Importer(815301076,1909f56bfc062723c751e8b465ee728b)  -> (artifact id: '68f143fac675a5884cc3be2e88af3669') in 0.035158 seconds 
========================================================================
Received Import Request.
  Time since last request: 7.911776 seconds.
  path: Assets/Prefabs/Health PickUpItem 1.prefab
  artifactKey: Guid(d18a7cc2b56579b44b55c00b342fea7f) Importer(815301076,1909f56bfc062723c751e8b465ee728b)
Start importing Assets/Prefabs/Health PickUpItem 1.prefab using Guid(d18a7cc2b56579b44b55c00b342fea7f) Importer(815301076,1909f56bfc062723c751e8b465ee728b)  -> (artifact id: '400301255105cedcb35959dd731d8eae') in 0.043139 seconds 
========================================================================
Received Import Request.
  Time since last request: 0.000243 seconds.
  path: Assets/Prefabs/Health PickUpItem.prefab
  artifactKey: Guid(5fc29c2c06c3ae841b76e644afdd2425) Importer(815301076,1909f56bfc062723c751e8b465ee728b)
Start importing Assets/Prefabs/Health PickUpItem.prefab using Guid(5fc29c2c06c3ae841b76e644afdd2425) Importer(815301076,1909f56bfc062723c751e8b465ee728b)  -> (artifact id: '7e079fc52f2effce43855bbb1eb7cb48') in 0.041117 seconds 
========================================================================
Received Import Request.
  Time since last request: 14.680317 seconds.
  path: Assets/Prefabs/Health PickUpItem.prefab
  artifactKey: Guid(5fc29c2c06c3ae841b76e644afdd2425) Importer(815301076,1909f56bfc062723c751e8b465ee728b)
Start importing Assets/Prefabs/Health PickUpItem.prefab using Guid(5fc29c2c06c3ae841b76e644afdd2425) Importer(815301076,1909f56bfc062723c751e8b465ee728b)  -> (artifact id: '96337e9511883770dface0174fb9924f') in 0.027581 seconds 
========================================================================
Received Import Request.
  Time since last request: 0.000187 seconds.
  path: Assets/Prefabs/PickUpItem.prefab
  artifactKey: Guid(d18a7cc2b56579b44b55c00b342fea7f) Importer(815301076,1909f56bfc062723c751e8b465ee728b)
Start importing Assets/Prefabs/PickUpItem.prefab using Guid(d18a7cc2b56579b44b55c00b342fea7f) Importer(815301076,1909f56bfc062723c751e8b465ee728b)  -> (artifact id: '919cec96ecbb3ae3a320712ca664551b') in 0.024762 seconds 
========================================================================
Received Import Request.
  Time since last request: 23.455024 seconds.
  path: Assets/TeKniKo_Free/Power_Ups/Textures
  artifactKey: Guid(8b6169016ca65f640b0956fc65389e3d) Importer(815301076,1909f56bfc062723c751e8b465ee728b)
Start importing Assets/TeKniKo_Free/Power_Ups/Textures using Guid(8b6169016ca65f640b0956fc65389e3d) Importer(815301076,1909f56bfc062723c751e8b465ee728b)  -> (artifact id: '2d1b8ac8d7aea25837c400723ad8adda') in 0.008738 seconds 
========================================================================
Received Import Request.
  Time since last request: 0.017654 seconds.
  path: Assets/TeKniKo_Free/Power_Ups/Textures/TX_PowerUps.png
  artifactKey: Guid(6575d571a4cc3a04297886ad8e8b274f) Importer(815301076,1909f56bfc062723c751e8b465ee728b)
Start importing Assets/TeKniKo_Free/Power_Ups/Textures/TX_PowerUps.png using Guid(6575d571a4cc3a04297886ad8e8b274f) Importer(815301076,1909f56bfc062723c751e8b465ee728b)  -> (artifact id: '3ebbb90e0511de6133b98cc0d6090a2c') in 0.016953 seconds 
========================================================================
Received Import Request.
  Time since last request: 60.672210 seconds.
  path: Assets/Prefabs/Health PickUpItem.prefab
  artifactKey: Guid(5fc29c2c06c3ae841b76e644afdd2425) Importer(815301076,1909f56bfc062723c751e8b465ee728b)
Start importing Assets/Prefabs/Health PickUpItem.prefab using Guid(5fc29c2c06c3ae841b76e644afdd2425) Importer(815301076,1909f56bfc062723c751e8b465ee728b)  -> (artifact id: '6d7cb4775ffa915f596f538e79f7ea61') in 0.016124 seconds 
========================================================================
Received Import Request.
  Time since last request: 90.231030 seconds.
  path: Assets/Prefabs/Health PickUpItem.prefab
  artifactKey: Guid(5fc29c2c06c3ae841b76e644afdd2425) Importer(815301076,1909f56bfc062723c751e8b465ee728b)
Start importing Assets/Prefabs/Health PickUpItem.prefab using Guid(5fc29c2c06c3ae841b76e644afdd2425) Importer(815301076,1909f56bfc062723c751e8b465ee728b)  -> (artifact id: 'dd94e508e5dfcccc0d032d7c14f7454f') in 0.017123 seconds 
========================================================================
Received Import Request.
  Time since last request: 0.000215 seconds.
  path: Assets/Prefabs/PickUpItem.prefab
  artifactKey: Guid(d18a7cc2b56579b44b55c00b342fea7f) Importer(815301076,1909f56bfc062723c751e8b465ee728b)
Start importing Assets/Prefabs/PickUpItem.prefab using Guid(d18a7cc2b56579b44b55c00b342fea7f) Importer(815301076,1909f56bfc062723c751e8b465ee728b)  -> (artifact id: 'b80b87c5a5fe7f998fa41e47c35ac807') in 0.029628 seconds 
========================================================================
Received Import Request.
  Time since last request: 1.470681 seconds.
  path: Assets/Prefabs/Health PickUpItem.prefab
  artifactKey: Guid(5fc29c2c06c3ae841b76e644afdd2425) Importer(815301076,1909f56bfc062723c751e8b465ee728b)
Start importing Assets/Prefabs/Health PickUpItem.prefab using Guid(5fc29c2c06c3ae841b76e644afdd2425) Importer(815301076,1909f56bfc062723c751e8b465ee728b)  -> (artifact id: '3bf1db30606f35a8f1ef2b6158a497d5') in 0.022738 seconds 
========================================================================
Received Import Request.
  Time since last request: 0.001737 seconds.
  path: Assets/Prefabs/PickUpItem.prefab
  artifactKey: Guid(d18a7cc2b56579b44b55c00b342fea7f) Importer(815301076,1909f56bfc062723c751e8b465ee728b)
Start importing Assets/Prefabs/PickUpItem.prefab using Guid(d18a7cc2b56579b44b55c00b342fea7f) Importer(815301076,1909f56bfc062723c751e8b465ee728b)  -> (artifact id: 'ab20dcd2aeeb8b59950101c2c197c8e8') in 0.035034 seconds 
========================================================================
Received Import Request.
  Time since last request: 2.750002 seconds.
  path: Assets/Prefabs/Health PickUpItem.prefab
  artifactKey: Guid(5fc29c2c06c3ae841b76e644afdd2425) Importer(815301076,1909f56bfc062723c751e8b465ee728b)
Start importing Assets/Prefabs/Health PickUpItem.prefab using Guid(5fc29c2c06c3ae841b76e644afdd2425) Importer(815301076,1909f56bfc062723c751e8b465ee728b)  -> (artifact id: '535c527f7fe902f97b3b5825b8ae91e9') in 0.016466 seconds 
========================================================================
Received Import Request.
  Time since last request: 0.000607 seconds.
  path: Assets/Prefabs/PickUpItem.prefab
  artifactKey: Guid(d18a7cc2b56579b44b55c00b342fea7f) Importer(815301076,1909f56bfc062723c751e8b465ee728b)
Start importing Assets/Prefabs/PickUpItem.prefab using Guid(d18a7cc2b56579b44b55c00b342fea7f) Importer(815301076,1909f56bfc062723c751e8b465ee728b)  -> (artifact id: '158fe9faa2b309eb614e6ac73d3921d6') in 0.019951 seconds 
========================================================================
Received Import Request.
  Time since last request: 5.131969 seconds.
  path: Assets/Prefabs/Health PickUpItem.prefab
  artifactKey: Guid(5fc29c2c06c3ae841b76e644afdd2425) Importer(815301076,1909f56bfc062723c751e8b465ee728b)
Start importing Assets/Prefabs/Health PickUpItem.prefab using Guid(5fc29c2c06c3ae841b76e644afdd2425) Importer(815301076,1909f56bfc062723c751e8b465ee728b)  -> (artifact id: 'eb75e83c41eedb121fa4aaf934ab231a') in 0.019658 seconds 
========================================================================
Received Import Request.
  Time since last request: 1.528091 seconds.
  path: Assets/Prefabs/Health PickUpItem.prefab
  artifactKey: Guid(5fc29c2c06c3ae841b76e644afdd2425) Importer(815301076,1909f56bfc062723c751e8b465ee728b)
Start importing Assets/Prefabs/Health PickUpItem.prefab using Guid(5fc29c2c06c3ae841b76e644afdd2425) Importer(815301076,1909f56bfc062723c751e8b465ee728b)  -> (artifact id: '529eda19a30f5258c3e2933e5b2d002f') in 0.025412 seconds 
========================================================================
Received Import Request.
  Time since last request: 2.788580 seconds.
  path: Assets/Prefabs/Health PickUpItem.prefab
  artifactKey: Guid(5fc29c2c06c3ae841b76e644afdd2425) Importer(815301076,1909f56bfc062723c751e8b465ee728b)
Start importing Assets/Prefabs/Health PickUpItem.prefab using Guid(5fc29c2c06c3ae841b76e644afdd2425) Importer(815301076,1909f56bfc062723c751e8b465ee728b)  -> (artifact id: 'cec604d70dae4254f3423bd6604f9321') in 0.015224 seconds 
========================================================================
Received Import Request.
  Time since last request: 1.832563 seconds.
  path: Assets/Prefabs/Health PickUpItem.prefab
  artifactKey: Guid(5fc29c2c06c3ae841b76e644afdd2425) Importer(815301076,1909f56bfc062723c751e8b465ee728b)
Start importing Assets/Prefabs/Health PickUpItem.prefab using Guid(5fc29c2c06c3ae841b76e644afdd2425) Importer(815301076,1909f56bfc062723c751e8b465ee728b)  -> (artifact id: '465e54f68377fbcb7aaa4915dafe15f3') in 0.032207 seconds 
========================================================================
Received Import Request.
  Time since last request: 15.007829 seconds.
  path: Assets/Prefabs/New Material.mat
  artifactKey: Guid(0b073c85140943d45999876cbf601669) Importer(815301076,1909f56bfc062723c751e8b465ee728b)
Start importing Assets/Prefabs/New Material.mat using Guid(0b073c85140943d45999876cbf601669) Importer(815301076,1909f56bfc062723c751e8b465ee728b)  -> (artifact id: 'bfb988be83aa1a21224d0afd427f0bd5') in 0.014491 seconds 
========================================================================
Received Import Request.
  Time since last request: 613.642422 seconds.
  path: Assets/Prefabs/Health PickUpItem.prefab
  artifactKey: Guid(5fc29c2c06c3ae841b76e644afdd2425) Importer(815301076,1909f56bfc062723c751e8b465ee728b)
Start importing Assets/Prefabs/Health PickUpItem.prefab using Guid(5fc29c2c06c3ae841b76e644afdd2425) Importer(815301076,1909f56bfc062723c751e8b465ee728b)  -> (artifact id: '01261d6d2f089dbae23d9ea0617771aa') in 0.011545 seconds 
========================================================================
Received Import Request.
  Time since last request: 0.000166 seconds.
  path: Assets/Prefabs/PickUpItem.prefab
  artifactKey: Guid(d18a7cc2b56579b44b55c00b342fea7f) Importer(815301076,1909f56bfc062723c751e8b465ee728b)
Start importing Assets/Prefabs/PickUpItem.prefab using Guid(d18a7cc2b56579b44b55c00b342fea7f) Importer(815301076,1909f56bfc062723c751e8b465ee728b)  -> (artifact id: '99578c55eb1f0287e020a455330ef219') in 0.010189 seconds 
========================================================================
Received Import Request.
  Time since last request: 6.406276 seconds.
  path: Assets/Prefabs/Health PickUpItem.prefab
  artifactKey: Guid(5fc29c2c06c3ae841b76e644afdd2425) Importer(815301076,1909f56bfc062723c751e8b465ee728b)
Start importing Assets/Prefabs/Health PickUpItem.prefab using Guid(5fc29c2c06c3ae841b76e644afdd2425) Importer(815301076,1909f56bfc062723c751e8b465ee728b)  -> (artifact id: 'c2a5caa42baef976028860fbe697eeba') in 0.041137 seconds 
========================================================================
Received Import Request.
  Time since last request: 0.000194 seconds.
  path: Assets/Prefabs/PickUpItem.prefab
  artifactKey: Guid(d18a7cc2b56579b44b55c00b342fea7f) Importer(815301076,1909f56bfc062723c751e8b465ee728b)
Start importing Assets/Prefabs/PickUpItem.prefab using Guid(d18a7cc2b56579b44b55c00b342fea7f) Importer(815301076,1909f56bfc062723c751e8b465ee728b)  -> (artifact id: '57709440bf3c3d1a3c3d2bc6275e1267') in 0.009810 seconds 
========================================================================
Received Import Request.
  Time since last request: 428.702408 seconds.
  path: Assets/Prefabs/PickUpItems.prefab
  artifactKey: Guid(94a897678360215458f1df09ba9573a1) Importer(815301076,1909f56bfc062723c751e8b465ee728b)
Start importing Assets/Prefabs/PickUpItems.prefab using Guid(94a897678360215458f1df09ba9573a1) Importer(815301076,1909f56bfc062723c751e8b465ee728b)  -> (artifact id: 'e62860849d3743abe9750fba119f3d2f') in 0.011994 seconds 
========================================================================
Received Import Request.
  Time since last request: 57.363484 seconds.
  path: Assets/Prefabs/Health PickUpItems.prefab
  artifactKey: Guid(111769b424ef87147897a6533568c536) Importer(815301076,1909f56bfc062723c751e8b465ee728b)
Start importing Assets/Prefabs/Health PickUpItems.prefab using Guid(111769b424ef87147897a6533568c536) Importer(815301076,1909f56bfc062723c751e8b465ee728b)  -> (artifact id: 'd578d7da2c7c4371997ba098c853064b') in 0.010112 seconds 
========================================================================
Received Import Request.
  Time since last request: 971.007393 seconds.
  path: Assets/Animation
  artifactKey: Guid(32a6a6d59c7b6724c8328dd700dc7626) Importer(815301076,1909f56bfc062723c751e8b465ee728b)
Start importing Assets/Animation using Guid(32a6a6d59c7b6724c8328dd700dc7626) Importer(815301076,1909f56bfc062723c751e8b465ee728b)  -> (artifact id: '01516d72c6d76d278026ccbd3b16cc11') in 0.005204 seconds 
========================================================================
Received Import Request.
  Time since last request: 1.630233 seconds.
  path: Assets/Animation/Plane.controller
  artifactKey: Guid(1e42d894630c07f44aa005357911b9d9) Importer(815301076,1909f56bfc062723c751e8b465ee728b)
Start importing Assets/Animation/Plane.controller using Guid(1e42d894630c07f44aa005357911b9d9) Importer(815301076,1909f56bfc062723c751e8b465ee728b)  -> (artifact id: '1171dc9d2bc2ba6703a7f55cbd0dcafb') in 0.007304 seconds 
========================================================================
Received Import Request.
  Time since last request: 0.537683 seconds.
  path: Assets/Animation/Plane 1.controller
  artifactKey: Guid(9acd088f52a4e8a4588d8fa19ced03d3) Importer(815301076,1909f56bfc062723c751e8b465ee728b)
Start importing Assets/Animation/Plane 1.controller using Guid(9acd088f52a4e8a4588d8fa19ced03d3) Importer(815301076,1909f56bfc062723c751e8b465ee728b)  -> (artifact id: '6dce3a6738b679cf165377af9e5667d5') in 0.005466 seconds 
========================================================================
Received Import Request.
  Time since last request: 1437.560315 seconds.
  path: Assets/Animation/Item.controller
  artifactKey: Guid(2bbfb2c6b8c75154f9740524e543bf84) Importer(815301076,1909f56bfc062723c751e8b465ee728b)
Start importing Assets/Animation/Item.controller using Guid(2bbfb2c6b8c75154f9740524e543bf84) Importer(815301076,1909f56bfc062723c751e8b465ee728b)  -> (artifact id: '9256ad6029875b62e218de5fa09aa36d') in 0.005300 seconds 
========================================================================
Received Import Request.
  Time since last request: 14.235339 seconds.
  path: Assets/Animation/ItemAnimation.anim
  artifactKey: Guid(cdefbaef613d9fe4496875945b9fe730) Importer(815301076,1909f56bfc062723c751e8b465ee728b)
Start importing Assets/Animation/ItemAnimation.anim using Guid(cdefbaef613d9fe4496875945b9fe730) Importer(815301076,1909f56bfc062723c751e8b465ee728b)  -> (artifact id: 'c9c647412c989815cb775d82ddcad8e5') in 0.006025 seconds 
========================================================================
Received Import Request.
  Time since last request: 6.990096 seconds.
  path: Assets/Animation/SpinAnimation.anim
  artifactKey: Guid(0e24afe0dd6c8074caab4388bf19e8d3) Importer(815301076,1909f56bfc062723c751e8b465ee728b)
Start importing Assets/Animation/SpinAnimation.anim using Guid(0e24afe0dd6c8074caab4388bf19e8d3) Importer(815301076,1909f56bfc062723c751e8b465ee728b)  -> (artifact id: 'a9a38d4a16c0cd05f787df5a6e55bb0b') in 0.024285 seconds 
========================================================================
Received Import Request.
  Time since last request: 620.248761 seconds.
  path: Assets/Animation/Plane.controller
  artifactKey: Guid(1e42d894630c07f44aa005357911b9d9) Importer(815301076,1909f56bfc062723c751e8b465ee728b)
Start importing Assets/Animation/Plane.controller using Guid(1e42d894630c07f44aa005357911b9d9) Importer(815301076,1909f56bfc062723c751e8b465ee728b)  -> (artifact id: '8c74043372dae5b0f9f9448f17ba7b0a') in 0.002335 seconds 
========================================================================
Received Import Request.
  Time since last request: 182.991211 seconds.
  path: Assets/Animation/Graphics.controller
  artifactKey: Guid(f08cb1efd545e934abe662af348cb01a) Importer(815301076,1909f56bfc062723c751e8b465ee728b)
Start importing Assets/Animation/Graphics.controller using Guid(f08cb1efd545e934abe662af348cb01a) Importer(815301076,1909f56bfc062723c751e8b465ee728b)  -> (artifact id: 'a78daffb4b270d2390019fbcc4a10447') in 0.005538 seconds 
========================================================================
Received Import Request.
  Time since last request: 13.982303 seconds.
  path: Assets/Animation/PickUp.anim
  artifactKey: Guid(a575a4231f1cfd14e8850c4d95c963b5) Importer(815301076,1909f56bfc062723c751e8b465ee728b)
Start importing Assets/Animation/PickUp.anim using Guid(a575a4231f1cfd14e8850c4d95c963b5) Importer(815301076,1909f56bfc062723c751e8b465ee728b)  -> (artifact id: 'f983626f988dc13146b8d050cc2b6f80') in 0.005605 seconds 
========================================================================
Received Import Request.
  Time since last request: 1767.599424 seconds.
  path: Assets/Animation/Health PickUpItems.controller
  artifactKey: Guid(343b223134bf0b140ad6a37b61e53b43) Importer(815301076,1909f56bfc062723c751e8b465ee728b)
Start importing Assets/Animation/Health PickUpItems.controller using Guid(343b223134bf0b140ad6a37b61e53b43) Importer(815301076,1909f56bfc062723c751e8b465ee728b)  -> (artifact id: 'bbb1d83d1f02e77cea887d9172d005a4') in 0.002934 seconds 
========================================================================
Received Import Request.
  Time since last request: 4.169786 seconds.
  path: Assets/Animation/PickUpAnimation.anim
  artifactKey: Guid(fb0135aafac6cb043bd168d08ec4e797) Importer(815301076,1909f56bfc062723c751e8b465ee728b)
Start importing Assets/Animation/PickUpAnimation.anim using Guid(fb0135aafac6cb043bd168d08ec4e797) Importer(815301076,1909f56bfc062723c751e8b465ee728b)  -> (artifact id: 'c6c25e8a509c31af021040d849884bec') in 0.005714 seconds 
========================================================================
Received Import Request.
  Time since last request: 986.755632 seconds.
  path: Assets/Prefabs/Health PickUpItems.prefab
  artifactKey: Guid(111769b424ef87147897a6533568c536) Importer(815301076,1909f56bfc062723c751e8b465ee728b)
Start importing Assets/Prefabs/Health PickUpItems.prefab using Guid(111769b424ef87147897a6533568c536) Importer(815301076,1909f56bfc062723c751e8b465ee728b)  -> (artifact id: 'a56eb98c81ef3e98abb6bbe1e73abc32') in 0.016838 seconds 
========================================================================
Received Import Request.
  Time since last request: 1774.554484 seconds.
  path: Assets/Prefabs/AmmoPickUpItems.prefab
  artifactKey: Guid(7f53dca89cf03484bb87acc4d7614d50) Importer(815301076,1909f56bfc062723c751e8b465ee728b)
Start importing Assets/Prefabs/AmmoPickUpItems.prefab using Guid(7f53dca89cf03484bb87acc4d7614d50) Importer(815301076,1909f56bfc062723c751e8b465ee728b)  -> (artifact id: 'f21d633b12c4ac8a6351907660a3e26e') in 0.021641 seconds 
========================================================================
Received Prepare
Registering precompiled user dll's ...
Registered in 0.002033 seconds.
Begin MonoManager ReloadAssembly
Native extension for WindowsStandalone target not found
Refreshing native plugins compatible for Editor in 0.51 ms, found 2 plugins.
Preloading 0 native plugins for Editor in 0.00 ms.
Mono: successfully reloaded assembly
- Completed reload, in  1.132 seconds
Domain Reload Profiling:
	ReloadAssembly (1133ms)
		BeginReloadAssembly (117ms)
			ExecutionOrderSort (0ms)
			DisableScriptedObjects (4ms)
			BackupInstance (0ms)
			ReleaseScriptingObjects (0ms)
			CreateAndSetChildDomain (37ms)
		EndReloadAssembly (952ms)
			LoadAssemblies (88ms)
			RebuildTransferFunctionScriptingTraits (0ms)
			SetupTypeCache (276ms)
			ReleaseScriptCaches (1ms)
			RebuildScriptCaches (44ms)
			SetupLoadedEditorAssemblies (443ms)
				LogAssemblyErrors (0ms)
				InitializePlatformSupportModulesInManaged (3ms)
				SetLoadedEditorAssemblies (0ms)
				RefreshPlugins (1ms)
				BeforeProcessingInitializeOnLoad (76ms)
				ProcessInitializeOnLoadAttributes (349ms)
				ProcessInitializeOnLoadMethodAttributes (8ms)
				AfterProcessingInitializeOnLoad (5ms)
				EditorAssembliesLoaded (0ms)
			ExecutionOrderSort2 (0ms)
			AwakeInstancesAfterBackupRestoration (7ms)
Platform modules already initialized, skipping
Shader 'WFX/Transparent Diffuse': fallback shader 'Particles/Alpha Blended' not found
Shader 'WFX/Transparent Specular': fallback shader 'Particles/Alpha Blended' not found
Refreshing native plugins compatible for Editor in 0.61 ms, found 2 plugins.
Preloading 0 native plugins for Editor in 0.00 ms.
Unloading 2385 Unused Serialized files (Serialized files now loaded: 0)
System memory in use before: 111.2 MB.
System memory in use after: 111.4 MB.

Unloading 14 unused Assets to reduce memory usage. Loaded Objects now: 2895.
Total: 3.239800 ms (FindLiveObjects: 0.217200 ms CreateObjectMapping: 0.098000 ms MarkObjects: 2.899600 ms  DeleteObjects: 0.024000 ms)

AssetImportParameters requested are different than current active one (requested -> active):
  custom:framework-win-MediaFoundation: 216162199b28c13a410421893ffa2e32 -> 
  custom:video-decoder-ogg-theora: a1e56fd34408186e4bbccfd4996cb3dc -> 
  custom:container-muxer-webm: aa71ff27fc2769a1b78a27578f13a17b -> 
  custom:container-demuxer-webm: 4f35f7cbe854078d1ac9338744f61a02 -> 
  custom:container-demuxer-ogg: 62fdf1f143b41e24485cea50d1cbac27 -> 
  custom:video-encoder-webm-vp8: eb34c28f22e8b96e1ab97ce403110664 -> 
  custom:video-codec-MediaFoundation-h265: 746d11721c4dcdbdad8f713fa42b33f4 -> 
  custom:video-decoder-webm-vp8: 9c59270c3fd7afecdb556c50c9e8de78 -> 
  custom:audio-decoder-ogg-vorbis: bf7c407c2cedff20999df2af8eb42d56 -> 
  custom:audio-encoder-webm-vorbis: bf7c407c2cedff20999df2af8eb42d56 -> 
========================================================================
Received Import Request.
  Time since last request: 1039.018392 seconds.
  path: Assets/Models
  artifactKey: Guid(008fb64c9a17a9d42a39d3b91d98371a) Importer(815301076,1909f56bfc062723c751e8b465ee728b)
Start importing Assets/Models using Guid(008fb64c9a17a9d42a39d3b91d98371a) Importer(815301076,1909f56bfc062723c751e8b465ee728b)  -> (artifact id: '70fac621c61ddb8f3face416affe2de1') in 0.009200 seconds 
========================================================================
Received Import Request.
  Time since last request: 45.323993 seconds.
  path: Assets/Animation/DoorAnimation
  artifactKey: Guid(d2c90e7618a985042b1256ddf5d51a14) Importer(815301076,1909f56bfc062723c751e8b465ee728b)
Start importing Assets/Animation/DoorAnimation using Guid(d2c90e7618a985042b1256ddf5d51a14) Importer(815301076,1909f56bfc062723c751e8b465ee728b)  -> (artifact id: 'c0d87c475d7bc885c2e5e1d0a4903c6b') in 0.004775 seconds 
========================================================================
Received Import Request.
  Time since last request: 25.836313 seconds.
  path: Assets/Scripts/MedKit.cs
  artifactKey: Guid(1e02f4c7b181b2c4da77e793cccfed3b) Importer(815301076,1909f56bfc062723c751e8b465ee728b)
Start importing Assets/Scripts/MedKit.cs using Guid(1e02f4c7b181b2c4da77e793cccfed3b) Importer(815301076,1909f56bfc062723c751e8b465ee728b)  -> (artifact id: '2b8dd1820f5d864832ced0024f517c66') in 0.008954 seconds 
========================================================================
Received Prepare
Registering precompiled user dll's ...
Registered in 0.006492 seconds.
Begin MonoManager ReloadAssembly
Native extension for WindowsStandalone target not found
Refreshing native plugins compatible for Editor in 0.57 ms, found 2 plugins.
Preloading 0 native plugins for Editor in 0.00 ms.
Mono: successfully reloaded assembly
- Completed reload, in  1.399 seconds
Domain Reload Profiling:
	ReloadAssembly (1400ms)
		BeginReloadAssembly (151ms)
			ExecutionOrderSort (0ms)
			DisableScriptedObjects (7ms)
			BackupInstance (0ms)
			ReleaseScriptingObjects (0ms)
			CreateAndSetChildDomain (51ms)
		EndReloadAssembly (1177ms)
			LoadAssemblies (123ms)
			RebuildTransferFunctionScriptingTraits (0ms)
			SetupTypeCache (397ms)
			ReleaseScriptCaches (1ms)
			RebuildScriptCaches (51ms)
			SetupLoadedEditorAssemblies (509ms)
				LogAssemblyErrors (0ms)
				InitializePlatformSupportModulesInManaged (4ms)
				SetLoadedEditorAssemblies (1ms)
				RefreshPlugins (1ms)
				BeforeProcessingInitializeOnLoad (87ms)
				ProcessInitializeOnLoadAttributes (398ms)
				ProcessInitializeOnLoadMethodAttributes (11ms)
				AfterProcessingInitializeOnLoad (7ms)
				EditorAssembliesLoaded (0ms)
			ExecutionOrderSort2 (0ms)
			AwakeInstancesAfterBackupRestoration (7ms)
Platform modules already initialized, skipping
Shader 'WFX/Transparent Diffuse': fallback shader 'Particles/Alpha Blended' not found
Shader 'WFX/Transparent Specular': fallback shader 'Particles/Alpha Blended' not found
Refreshing native plugins compatible for Editor in 1.22 ms, found 2 plugins.
Preloading 0 native plugins for Editor in 0.00 ms.
Unloading 2386 Unused Serialized files (Serialized files now loaded: 0)
System memory in use before: 111.3 MB.
System memory in use after: 111.5 MB.

Unloading 14 unused Assets to reduce memory usage. Loaded Objects now: 2899.
Total: 3.853800 ms (FindLiveObjects: 0.355900 ms CreateObjectMapping: 0.156100 ms MarkObjects: 3.316900 ms  DeleteObjects: 0.023900 ms)

AssetImportParameters requested are different than current active one (requested -> active):
  custom:framework-win-MediaFoundation: 216162199b28c13a410421893ffa2e32 -> 
  custom:video-decoder-ogg-theora: a1e56fd34408186e4bbccfd4996cb3dc -> 
  custom:container-muxer-webm: aa71ff27fc2769a1b78a27578f13a17b -> 
  custom:container-demuxer-webm: 4f35f7cbe854078d1ac9338744f61a02 -> 
  custom:container-demuxer-ogg: 62fdf1f143b41e24485cea50d1cbac27 -> 
  custom:video-encoder-webm-vp8: eb34c28f22e8b96e1ab97ce403110664 -> 
  custom:video-codec-MediaFoundation-h265: 746d11721c4dcdbdad8f713fa42b33f4 -> 
  custom:video-decoder-webm-vp8: 9c59270c3fd7afecdb556c50c9e8de78 -> 
  custom:audio-decoder-ogg-vorbis: bf7c407c2cedff20999df2af8eb42d56 -> 
  custom:audio-encoder-webm-vorbis: bf7c407c2cedff20999df2af8eb42d56 -> 
========================================================================
Received Prepare
Registering precompiled user dll's ...
Registered in 0.001898 seconds.
Begin MonoManager ReloadAssembly
Native extension for WindowsStandalone target not found
Refreshing native plugins compatible for Editor in 0.50 ms, found 2 plugins.
Preloading 0 native plugins for Editor in 0.00 ms.
Mono: successfully reloaded assembly
- Completed reload, in  1.148 seconds
Domain Reload Profiling:
	ReloadAssembly (1149ms)
		BeginReloadAssembly (158ms)
			ExecutionOrderSort (0ms)
			DisableScriptedObjects (7ms)
			BackupInstance (0ms)
			ReleaseScriptingObjects (0ms)
			CreateAndSetChildDomain (54ms)
		EndReloadAssembly (933ms)
			LoadAssemblies (110ms)
			RebuildTransferFunctionScriptingTraits (0ms)
			SetupTypeCache (293ms)
			ReleaseScriptCaches (1ms)
			RebuildScriptCaches (39ms)
			SetupLoadedEditorAssemblies (424ms)
				LogAssemblyErrors (0ms)
				InitializePlatformSupportModulesInManaged (4ms)
				SetLoadedEditorAssemblies (1ms)
				RefreshPlugins (1ms)
				BeforeProcessingInitializeOnLoad (76ms)
				ProcessInitializeOnLoadAttributes (330ms)
				ProcessInitializeOnLoadMethodAttributes (7ms)
				AfterProcessingInitializeOnLoad (5ms)
				EditorAssembliesLoaded (0ms)
			ExecutionOrderSort2 (0ms)
			AwakeInstancesAfterBackupRestoration (6ms)
Platform modules already initialized, skipping
Shader 'WFX/Transparent Diffuse': fallback shader 'Particles/Alpha Blended' not found
Shader 'WFX/Transparent Specular': fallback shader 'Particles/Alpha Blended' not found
Refreshing native plugins compatible for Editor in 0.52 ms, found 2 plugins.
Preloading 0 native plugins for Editor in 0.00 ms.
Unloading 2386 Unused Serialized files (Serialized files now loaded: 0)
System memory in use before: 111.3 MB.
System memory in use after: 111.5 MB.

Unloading 14 unused Assets to reduce memory usage. Loaded Objects now: 2902.
Total: 3.046900 ms (FindLiveObjects: 0.200700 ms CreateObjectMapping: 0.095600 ms MarkObjects: 2.692000 ms  DeleteObjects: 0.057800 ms)

AssetImportParameters requested are different than current active one (requested -> active):
  custom:framework-win-MediaFoundation: 216162199b28c13a410421893ffa2e32 -> 
  custom:video-decoder-ogg-theora: a1e56fd34408186e4bbccfd4996cb3dc -> 
  custom:container-muxer-webm: aa71ff27fc2769a1b78a27578f13a17b -> 
  custom:container-demuxer-webm: 4f35f7cbe854078d1ac9338744f61a02 -> 
  custom:container-demuxer-ogg: 62fdf1f143b41e24485cea50d1cbac27 -> 
  custom:video-encoder-webm-vp8: eb34c28f22e8b96e1ab97ce403110664 -> 
  custom:video-codec-MediaFoundation-h265: 746d11721c4dcdbdad8f713fa42b33f4 -> 
  custom:video-decoder-webm-vp8: 9c59270c3fd7afecdb556c50c9e8de78 -> 
  custom:audio-decoder-ogg-vorbis: bf7c407c2cedff20999df2af8eb42d56 -> 
  custom:audio-encoder-webm-vorbis: bf7c407c2cedff20999df2af8eb42d56 -> 
========================================================================
Received Prepare
Registering precompiled user dll's ...
Registered in 0.002077 seconds.
Begin MonoManager ReloadAssembly
Native extension for WindowsStandalone target not found
Refreshing native plugins compatible for Editor in 0.49 ms, found 2 plugins.
Preloading 0 native plugins for Editor in 0.00 ms.
Mono: successfully reloaded assembly
- Completed reload, in  1.101 seconds
Domain Reload Profiling:
	ReloadAssembly (1102ms)
		BeginReloadAssembly (111ms)
			ExecutionOrderSort (0ms)
			DisableScriptedObjects (4ms)
			BackupInstance (0ms)
			ReleaseScriptingObjects (0ms)
			CreateAndSetChildDomain (33ms)
		EndReloadAssembly (936ms)
			LoadAssemblies (88ms)
			RebuildTransferFunctionScriptingTraits (0ms)
			SetupTypeCache (278ms)
			ReleaseScriptCaches (1ms)
			RebuildScriptCaches (42ms)
			SetupLoadedEditorAssemblies (443ms)
				LogAssemblyErrors (0ms)
				InitializePlatformSupportModulesInManaged (4ms)
				SetLoadedEditorAssemblies (0ms)
				RefreshPlugins (1ms)
				BeforeProcessingInitializeOnLoad (76ms)
				ProcessInitializeOnLoadAttributes (349ms)
				ProcessInitializeOnLoadMethodAttributes (8ms)
				AfterProcessingInitializeOnLoad (5ms)
				EditorAssembliesLoaded (0ms)
			ExecutionOrderSort2 (0ms)
			AwakeInstancesAfterBackupRestoration (6ms)
Platform modules already initialized, skipping
Shader 'WFX/Transparent Diffuse': fallback shader 'Particles/Alpha Blended' not found
Shader 'WFX/Transparent Specular': fallback shader 'Particles/Alpha Blended' not found
Refreshing native plugins compatible for Editor in 0.50 ms, found 2 plugins.
Preloading 0 native plugins for Editor in 0.00 ms.
Unloading 2386 Unused Serialized files (Serialized files now loaded: 0)
System memory in use before: 111.3 MB.
System memory in use after: 111.5 MB.

Unloading 14 unused Assets to reduce memory usage. Loaded Objects now: 2905.
Total: 2.892700 ms (FindLiveObjects: 0.208100 ms CreateObjectMapping: 0.110000 ms MarkObjects: 2.556800 ms  DeleteObjects: 0.017000 ms)

AssetImportParameters requested are different than current active one (requested -> active):
  custom:framework-win-MediaFoundation: 216162199b28c13a410421893ffa2e32 -> 
  custom:video-decoder-ogg-theora: a1e56fd34408186e4bbccfd4996cb3dc -> 
  custom:container-muxer-webm: aa71ff27fc2769a1b78a27578f13a17b -> 
  custom:container-demuxer-webm: 4f35f7cbe854078d1ac9338744f61a02 -> 
  custom:container-demuxer-ogg: 62fdf1f143b41e24485cea50d1cbac27 -> 
  custom:video-encoder-webm-vp8: eb34c28f22e8b96e1ab97ce403110664 -> 
  custom:video-codec-MediaFoundation-h265: 746d11721c4dcdbdad8f713fa42b33f4 -> 
  custom:video-decoder-webm-vp8: 9c59270c3fd7afecdb556c50c9e8de78 -> 
  custom:audio-decoder-ogg-vorbis: bf7c407c2cedff20999df2af8eb42d56 -> 
  custom:audio-encoder-webm-vorbis: bf7c407c2cedff20999df2af8eb42d56 -> 
========================================================================
Received Prepare
Registering precompiled user dll's ...
Registered in 0.001875 seconds.
Begin MonoManager ReloadAssembly
Native extension for WindowsStandalone target not found
Refreshing native plugins compatible for Editor in 0.51 ms, found 2 plugins.
Preloading 0 native plugins for Editor in 0.00 ms.
Mono: successfully reloaded assembly
- Completed reload, in  1.090 seconds
Domain Reload Profiling:
	ReloadAssembly (1090ms)
		BeginReloadAssembly (116ms)
			ExecutionOrderSort (0ms)
			DisableScriptedObjects (4ms)
			BackupInstance (0ms)
			ReleaseScriptingObjects (0ms)
			CreateAndSetChildDomain (38ms)
		EndReloadAssembly (914ms)
			LoadAssemblies (86ms)
			RebuildTransferFunctionScriptingTraits (0ms)
			SetupTypeCache (280ms)
			ReleaseScriptCaches (1ms)
			RebuildScriptCaches (39ms)
			SetupLoadedEditorAssemblies (425ms)
				LogAssemblyErrors (0ms)
				InitializePlatformSupportModulesInManaged (3ms)
				SetLoadedEditorAssemblies (0ms)
				RefreshPlugins (1ms)
				BeforeProcessingInitializeOnLoad (79ms)
				ProcessInitializeOnLoadAttributes (328ms)
				ProcessInitializeOnLoadMethodAttributes (8ms)
				AfterProcessingInitializeOnLoad (5ms)
				EditorAssembliesLoaded (0ms)
			ExecutionOrderSort2 (0ms)
			AwakeInstancesAfterBackupRestoration (6ms)
Platform modules already initialized, skipping
Shader 'WFX/Transparent Diffuse': fallback shader 'Particles/Alpha Blended' not found
Shader 'WFX/Transparent Specular': fallback shader 'Particles/Alpha Blended' not found
Refreshing native plugins compatible for Editor in 0.56 ms, found 2 plugins.
Preloading 0 native plugins for Editor in 0.00 ms.
Unloading 2387 Unused Serialized files (Serialized files now loaded: 0)
System memory in use before: 111.2 MB.
System memory in use after: 111.4 MB.

Unloading 14 unused Assets to reduce memory usage. Loaded Objects now: 2909.
Total: 3.051100 ms (FindLiveObjects: 0.211200 ms CreateObjectMapping: 0.114200 ms MarkObjects: 2.705000 ms  DeleteObjects: 0.020000 ms)

AssetImportParameters requested are different than current active one (requested -> active):
  custom:framework-win-MediaFoundation: 216162199b28c13a410421893ffa2e32 -> 
  custom:video-decoder-ogg-theora: a1e56fd34408186e4bbccfd4996cb3dc -> 
  custom:container-muxer-webm: aa71ff27fc2769a1b78a27578f13a17b -> 
  custom:container-demuxer-webm: 4f35f7cbe854078d1ac9338744f61a02 -> 
  custom:container-demuxer-ogg: 62fdf1f143b41e24485cea50d1cbac27 -> 
  custom:video-encoder-webm-vp8: eb34c28f22e8b96e1ab97ce403110664 -> 
  custom:video-codec-MediaFoundation-h265: 746d11721c4dcdbdad8f713fa42b33f4 -> 
  custom:video-decoder-webm-vp8: 9c59270c3fd7afecdb556c50c9e8de78 -> 
  custom:audio-decoder-ogg-vorbis: bf7c407c2cedff20999df2af8eb42d56 -> 
  custom:audio-encoder-webm-vorbis: bf7c407c2cedff20999df2af8eb42d56 -> 
========================================================================
Received Import Request.
  Time since last request: 3903.806128 seconds.
  path: Assets/Scripts/Weapon/RestoreHealth.cs
  artifactKey: Guid(cd401b6004bed224e9c81ed519efa199) Importer(815301076,1909f56bfc062723c751e8b465ee728b)
Start importing Assets/Scripts/Weapon/RestoreHealth.cs using Guid(cd401b6004bed224e9c81ed519efa199) Importer(815301076,1909f56bfc062723c751e8b465ee728b)  -> (artifact id: '81f2fe785d62eadad89fb103b561408a') in 0.007437 seconds 
========================================================================
Received Prepare
Registering precompiled user dll's ...
Registered in 0.001881 seconds.
Begin MonoManager ReloadAssembly
Native extension for WindowsStandalone target not found
Refreshing native plugins compatible for Editor in 0.52 ms, found 2 plugins.
Preloading 0 native plugins for Editor in 0.00 ms.
Mono: successfully reloaded assembly
- Completed reload, in  1.373 seconds
Domain Reload Profiling:
	ReloadAssembly (1373ms)
		BeginReloadAssembly (122ms)
			ExecutionOrderSort (0ms)
			DisableScriptedObjects (6ms)
			BackupInstance (0ms)
			ReleaseScriptingObjects (0ms)
			CreateAndSetChildDomain (44ms)
		EndReloadAssembly (1197ms)
			LoadAssemblies (87ms)
			RebuildTransferFunctionScriptingTraits (0ms)
			SetupTypeCache (356ms)
			ReleaseScriptCaches (3ms)
			RebuildScriptCaches (55ms)
			SetupLoadedEditorAssemblies (575ms)
				LogAssemblyErrors (0ms)
				InitializePlatformSupportModulesInManaged (4ms)
				SetLoadedEditorAssemblies (0ms)
				RefreshPlugins (1ms)
				BeforeProcessingInitializeOnLoad (78ms)
				ProcessInitializeOnLoadAttributes (478ms)
				ProcessInitializeOnLoadMethodAttributes (9ms)
				AfterProcessingInitializeOnLoad (6ms)
				EditorAssembliesLoaded (0ms)
			ExecutionOrderSort2 (0ms)
			AwakeInstancesAfterBackupRestoration (6ms)
Platform modules already initialized, skipping
Shader 'WFX/Transparent Diffuse': fallback shader 'Particles/Alpha Blended' not found
Shader 'WFX/Transparent Specular': fallback shader 'Particles/Alpha Blended' not found
Refreshing native plugins compatible for Editor in 0.51 ms, found 2 plugins.
Preloading 0 native plugins for Editor in 0.00 ms.
Unloading 2387 Unused Serialized files (Serialized files now loaded: 0)
System memory in use before: 111.4 MB.
System memory in use after: 111.6 MB.

Unloading 14 unused Assets to reduce memory usage. Loaded Objects now: 2912.
Total: 3.083500 ms (FindLiveObjects: 0.186800 ms CreateObjectMapping: 0.090700 ms MarkObjects: 2.787200 ms  DeleteObjects: 0.018200 ms)

AssetImportParameters requested are different than current active one (requested -> active):
  custom:framework-win-MediaFoundation: 216162199b28c13a410421893ffa2e32 -> 
  custom:video-decoder-ogg-theora: a1e56fd34408186e4bbccfd4996cb3dc -> 
  custom:container-muxer-webm: aa71ff27fc2769a1b78a27578f13a17b -> 
  custom:container-demuxer-webm: 4f35f7cbe854078d1ac9338744f61a02 -> 
  custom:container-demuxer-ogg: 62fdf1f143b41e24485cea50d1cbac27 -> 
  custom:video-encoder-webm-vp8: eb34c28f22e8b96e1ab97ce403110664 -> 
  custom:video-codec-MediaFoundation-h265: 746d11721c4dcdbdad8f713fa42b33f4 -> 
  custom:video-decoder-webm-vp8: 9c59270c3fd7afecdb556c50c9e8de78 -> 
  custom:audio-decoder-ogg-vorbis: bf7c407c2cedff20999df2af8eb42d56 -> 
  custom:audio-encoder-webm-vorbis: bf7c407c2cedff20999df2af8eb42d56 -> 
========================================================================
Received Prepare
Registering precompiled user dll's ...
Registered in 0.001900 seconds.
Begin MonoManager ReloadAssembly
Native extension for WindowsStandalone target not found
Refreshing native plugins compatible for Editor in 0.55 ms, found 2 plugins.
Preloading 0 native plugins for Editor in 0.00 ms.
Mono: successfully reloaded assembly
- Completed reload, in  1.068 seconds
Domain Reload Profiling:
	ReloadAssembly (1068ms)
		BeginReloadAssembly (104ms)
			ExecutionOrderSort (0ms)
			DisableScriptedObjects (4ms)
			BackupInstance (0ms)
			ReleaseScriptingObjects (0ms)
			CreateAndSetChildDomain (31ms)
		EndReloadAssembly (912ms)
			LoadAssemblies (82ms)
			RebuildTransferFunctionScriptingTraits (0ms)
			SetupTypeCache (290ms)
			ReleaseScriptCaches (1ms)
			RebuildScriptCaches (38ms)
			SetupLoadedEditorAssemblies (417ms)
				LogAssemblyErrors (0ms)
				InitializePlatformSupportModulesInManaged (3ms)
				SetLoadedEditorAssemblies (0ms)
				RefreshPlugins (1ms)
				BeforeProcessingInitializeOnLoad (75ms)
				ProcessInitializeOnLoadAttributes (325ms)
				ProcessInitializeOnLoadMethodAttributes (7ms)
				AfterProcessingInitializeOnLoad (5ms)
				EditorAssembliesLoaded (0ms)
			ExecutionOrderSort2 (0ms)
			AwakeInstancesAfterBackupRestoration (6ms)
Platform modules already initialized, skipping
Shader 'WFX/Transparent Diffuse': fallback shader 'Particles/Alpha Blended' not found
Shader 'WFX/Transparent Specular': fallback shader 'Particles/Alpha Blended' not found
Refreshing native plugins compatible for Editor in 0.51 ms, found 2 plugins.
Preloading 0 native plugins for Editor in 0.00 ms.
Unloading 2387 Unused Serialized files (Serialized files now loaded: 0)
System memory in use before: 111.4 MB.
System memory in use after: 111.6 MB.

Unloading 14 unused Assets to reduce memory usage. Loaded Objects now: 2915.
Total: 2.980000 ms (FindLiveObjects: 0.194100 ms CreateObjectMapping: 0.086400 ms MarkObjects: 2.680000 ms  DeleteObjects: 0.018900 ms)

AssetImportParameters requested are different than current active one (requested -> active):
  custom:framework-win-MediaFoundation: 216162199b28c13a410421893ffa2e32 -> 
  custom:video-decoder-ogg-theora: a1e56fd34408186e4bbccfd4996cb3dc -> 
  custom:container-muxer-webm: aa71ff27fc2769a1b78a27578f13a17b -> 
  custom:container-demuxer-webm: 4f35f7cbe854078d1ac9338744f61a02 -> 
  custom:container-demuxer-ogg: 62fdf1f143b41e24485cea50d1cbac27 -> 
  custom:video-encoder-webm-vp8: eb34c28f22e8b96e1ab97ce403110664 -> 
  custom:video-codec-MediaFoundation-h265: 746d11721c4dcdbdad8f713fa42b33f4 -> 
  custom:video-decoder-webm-vp8: 9c59270c3fd7afecdb556c50c9e8de78 -> 
  custom:audio-decoder-ogg-vorbis: bf7c407c2cedff20999df2af8eb42d56 -> 
  custom:audio-encoder-webm-vorbis: bf7c407c2cedff20999df2af8eb42d56 -> 
========================================================================
Received Import Request.
  Time since last request: 870.583190 seconds.
  path: Assets/Scripts/Weapon/RestoreHealth.cs
  artifactKey: Guid(cd401b6004bed224e9c81ed519efa199) Importer(815301076,1909f56bfc062723c751e8b465ee728b)
Start importing Assets/Scripts/Weapon/RestoreHealth.cs using Guid(cd401b6004bed224e9c81ed519efa199) Importer(815301076,1909f56bfc062723c751e8b465ee728b)  -> (artifact id: '0f51fd6966e8f0e4b607be70d8cbd0a3') in 0.004205 seconds 
========================================================================
Received Prepare
Registering precompiled user dll's ...
Registered in 0.001974 seconds.
Begin MonoManager ReloadAssembly
Native extension for WindowsStandalone target not found
Refreshing native plugins compatible for Editor in 0.56 ms, found 2 plugins.
Preloading 0 native plugins for Editor in 0.00 ms.
Mono: successfully reloaded assembly
- Completed reload, in  1.077 seconds
Domain Reload Profiling:
	ReloadAssembly (1077ms)
		BeginReloadAssembly (108ms)
			ExecutionOrderSort (0ms)
			DisableScriptedObjects (4ms)
			BackupInstance (0ms)
			ReleaseScriptingObjects (0ms)
			CreateAndSetChildDomain (35ms)
		EndReloadAssembly (918ms)
			LoadAssemblies (82ms)
			RebuildTransferFunctionScriptingTraits (0ms)
			SetupTypeCache (273ms)
			ReleaseScriptCaches (1ms)
			RebuildScriptCaches (41ms)
			SetupLoadedEditorAssemblies (436ms)
				LogAssemblyErrors (0ms)
				InitializePlatformSupportModulesInManaged (3ms)
				SetLoadedEditorAssemblies (1ms)
				RefreshPlugins (1ms)
				BeforeProcessingInitializeOnLoad (86ms)
				ProcessInitializeOnLoadAttributes (332ms)
				ProcessInitializeOnLoadMethodAttributes (7ms)
				AfterProcessingInitializeOnLoad (5ms)
				EditorAssembliesLoaded (0ms)
			ExecutionOrderSort2 (0ms)
			AwakeInstancesAfterBackupRestoration (6ms)
Platform modules already initialized, skipping
Shader 'WFX/Transparent Diffuse': fallback shader 'Particles/Alpha Blended' not found
Shader 'WFX/Transparent Specular': fallback shader 'Particles/Alpha Blended' not found
Refreshing native plugins compatible for Editor in 0.50 ms, found 2 plugins.
Preloading 0 native plugins for Editor in 0.00 ms.
Unloading 2387 Unused Serialized files (Serialized files now loaded: 0)
System memory in use before: 111.4 MB.
System memory in use after: 111.6 MB.

Unloading 14 unused Assets to reduce memory usage. Loaded Objects now: 2918.
Total: 3.207400 ms (FindLiveObjects: 0.198400 ms CreateObjectMapping: 0.097000 ms MarkObjects: 2.889600 ms  DeleteObjects: 0.021500 ms)

AssetImportParameters requested are different than current active one (requested -> active):
  custom:framework-win-MediaFoundation: 216162199b28c13a410421893ffa2e32 -> 
  custom:video-decoder-ogg-theora: a1e56fd34408186e4bbccfd4996cb3dc -> 
  custom:container-muxer-webm: aa71ff27fc2769a1b78a27578f13a17b -> 
  custom:container-demuxer-webm: 4f35f7cbe854078d1ac9338744f61a02 -> 
  custom:container-demuxer-ogg: 62fdf1f143b41e24485cea50d1cbac27 -> 
  custom:video-encoder-webm-vp8: eb34c28f22e8b96e1ab97ce403110664 -> 
  custom:video-codec-MediaFoundation-h265: 746d11721c4dcdbdad8f713fa42b33f4 -> 
  custom:video-decoder-webm-vp8: 9c59270c3fd7afecdb556c50c9e8de78 -> 
  custom:audio-decoder-ogg-vorbis: bf7c407c2cedff20999df2af8eb42d56 -> 
  custom:audio-encoder-webm-vorbis: bf7c407c2cedff20999df2af8eb42d56 -> 
========================================================================
Received Prepare
Registering precompiled user dll's ...
Registered in 0.001832 seconds.
Begin MonoManager ReloadAssembly
Native extension for WindowsStandalone target not found
Refreshing native plugins compatible for Editor in 0.51 ms, found 2 plugins.
Preloading 0 native plugins for Editor in 0.00 ms.
Mono: successfully reloaded assembly
- Completed reload, in  1.062 seconds
Domain Reload Profiling:
	ReloadAssembly (1062ms)
		BeginReloadAssembly (100ms)
			ExecutionOrderSort (0ms)
			DisableScriptedObjects (4ms)
			BackupInstance (0ms)
			ReleaseScriptingObjects (0ms)
			CreateAndSetChildDomain (30ms)
		EndReloadAssembly (912ms)
			LoadAssemblies (79ms)
			RebuildTransferFunctionScriptingTraits (0ms)
			SetupTypeCache (262ms)
			ReleaseScriptCaches (1ms)
			RebuildScriptCaches (40ms)
			SetupLoadedEditorAssemblies (429ms)
				LogAssemblyErrors (0ms)
				InitializePlatformSupportModulesInManaged (4ms)
				SetLoadedEditorAssemblies (0ms)
				RefreshPlugins (1ms)
				BeforeProcessingInitializeOnLoad (78ms)
				ProcessInitializeOnLoadAttributes (335ms)
				ProcessInitializeOnLoadMethodAttributes (7ms)
				AfterProcessingInitializeOnLoad (5ms)
				EditorAssembliesLoaded (0ms)
			ExecutionOrderSort2 (0ms)
			AwakeInstancesAfterBackupRestoration (5ms)
Platform modules already initialized, skipping
Shader 'WFX/Transparent Diffuse': fallback shader 'Particles/Alpha Blended' not found
Shader 'WFX/Transparent Specular': fallback shader 'Particles/Alpha Blended' not found
Refreshing native plugins compatible for Editor in 0.52 ms, found 2 plugins.
Preloading 0 native plugins for Editor in 0.00 ms.
Unloading 2387 Unused Serialized files (Serialized files now loaded: 0)
System memory in use before: 111.4 MB.
System memory in use after: 111.6 MB.

Unloading 14 unused Assets to reduce memory usage. Loaded Objects now: 2921.
Total: 2.947800 ms (FindLiveObjects: 0.202600 ms CreateObjectMapping: 0.099800 ms MarkObjects: 2.625900 ms  DeleteObjects: 0.018800 ms)

AssetImportParameters requested are different than current active one (requested -> active):
  custom:framework-win-MediaFoundation: 216162199b28c13a410421893ffa2e32 -> 
  custom:video-decoder-ogg-theora: a1e56fd34408186e4bbccfd4996cb3dc -> 
  custom:container-muxer-webm: aa71ff27fc2769a1b78a27578f13a17b -> 
  custom:container-demuxer-webm: 4f35f7cbe854078d1ac9338744f61a02 -> 
  custom:container-demuxer-ogg: 62fdf1f143b41e24485cea50d1cbac27 -> 
  custom:video-encoder-webm-vp8: eb34c28f22e8b96e1ab97ce403110664 -> 
  custom:video-codec-MediaFoundation-h265: 746d11721c4dcdbdad8f713fa42b33f4 -> 
  custom:video-decoder-webm-vp8: 9c59270c3fd7afecdb556c50c9e8de78 -> 
  custom:audio-decoder-ogg-vorbis: bf7c407c2cedff20999df2af8eb42d56 -> 
  custom:audio-encoder-webm-vorbis: bf7c407c2cedff20999df2af8eb42d56 -> 
========================================================================
Received Prepare
Registering precompiled user dll's ...
Registered in 0.001882 seconds.
Begin MonoManager ReloadAssembly
Native extension for WindowsStandalone target not found
Refreshing native plugins compatible for Editor in 0.52 ms, found 2 plugins.
Preloading 0 native plugins for Editor in 0.00 ms.
Mono: successfully reloaded assembly
- Completed reload, in  1.089 seconds
Domain Reload Profiling:
	ReloadAssembly (1090ms)
		BeginReloadAssembly (101ms)
			ExecutionOrderSort (0ms)
			DisableScriptedObjects (4ms)
			BackupInstance (0ms)
			ReleaseScriptingObjects (0ms)
			CreateAndSetChildDomain (29ms)
		EndReloadAssembly (935ms)
			LoadAssemblies (83ms)
			RebuildTransferFunctionScriptingTraits (0ms)
			SetupTypeCache (285ms)
			ReleaseScriptCaches (1ms)
			RebuildScriptCaches (41ms)
			SetupLoadedEditorAssemblies (431ms)
				LogAssemblyErrors (0ms)
				InitializePlatformSupportModulesInManaged (3ms)
				SetLoadedEditorAssemblies (0ms)
				RefreshPlugins (1ms)
				BeforeProcessingInitializeOnLoad (84ms)
				ProcessInitializeOnLoadAttributes (330ms)
				ProcessInitializeOnLoadMethodAttributes (7ms)
				AfterProcessingInitializeOnLoad (5ms)
				EditorAssembliesLoaded (0ms)
			ExecutionOrderSort2 (0ms)
			AwakeInstancesAfterBackupRestoration (6ms)
Platform modules already initialized, skipping
Shader 'WFX/Transparent Diffuse': fallback shader 'Particles/Alpha Blended' not found
Shader 'WFX/Transparent Specular': fallback shader 'Particles/Alpha Blended' not found
Refreshing native plugins compatible for Editor in 0.49 ms, found 2 plugins.
Preloading 0 native plugins for Editor in 0.00 ms.
Unloading 2386 Unused Serialized files (Serialized files now loaded: 0)
System memory in use before: 111.3 MB.
System memory in use after: 111.5 MB.

Unloading 15 unused Assets to reduce memory usage. Loaded Objects now: 2923.
Total: 2.925600 ms (FindLiveObjects: 0.225100 ms CreateObjectMapping: 0.094300 ms MarkObjects: 2.582600 ms  DeleteObjects: 0.023100 ms)

AssetImportParameters requested are different than current active one (requested -> active):
  custom:framework-win-MediaFoundation: 216162199b28c13a410421893ffa2e32 -> 
  custom:video-decoder-ogg-theora: a1e56fd34408186e4bbccfd4996cb3dc -> 
  custom:container-muxer-webm: aa71ff27fc2769a1b78a27578f13a17b -> 
  custom:container-demuxer-webm: 4f35f7cbe854078d1ac9338744f61a02 -> 
  custom:container-demuxer-ogg: 62fdf1f143b41e24485cea50d1cbac27 -> 
  custom:video-encoder-webm-vp8: eb34c28f22e8b96e1ab97ce403110664 -> 
  custom:video-codec-MediaFoundation-h265: 746d11721c4dcdbdad8f713fa42b33f4 -> 
  custom:video-decoder-webm-vp8: 9c59270c3fd7afecdb556c50c9e8de78 -> 
  custom:audio-decoder-ogg-vorbis: bf7c407c2cedff20999df2af8eb42d56 -> 
  custom:audio-encoder-webm-vorbis: bf7c407c2cedff20999df2af8eb42d56 -> 
========================================================================
Received Prepare
Registering precompiled user dll's ...
Registered in 0.001937 seconds.
Begin MonoManager ReloadAssembly
Native extension for WindowsStandalone target not found
Refreshing native plugins compatible for Editor in 0.62 ms, found 2 plugins.
Preloading 0 native plugins for Editor in 0.00 ms.
Mono: successfully reloaded assembly
- Completed reload, in  1.099 seconds
Domain Reload Profiling:
	ReloadAssembly (1100ms)
		BeginReloadAssembly (102ms)
			ExecutionOrderSort (0ms)
			DisableScriptedObjects (4ms)
			BackupInstance (0ms)
			ReleaseScriptingObjects (0ms)
			CreateAndSetChildDomain (30ms)
		EndReloadAssembly (943ms)
			LoadAssemblies (86ms)
			RebuildTransferFunctionScriptingTraits (0ms)
			SetupTypeCache (279ms)
			ReleaseScriptCaches (1ms)
			RebuildScriptCaches (39ms)
			SetupLoadedEditorAssemblies (421ms)
				LogAssemblyErrors (0ms)
				InitializePlatformSupportModulesInManaged (4ms)
				SetLoadedEditorAssemblies (0ms)
				RefreshPlugins (1ms)
				BeforeProcessingInitializeOnLoad (75ms)
				ProcessInitializeOnLoadAttributes (329ms)
				ProcessInitializeOnLoadMethodAttributes (7ms)
				AfterProcessingInitializeOnLoad (5ms)
				EditorAssembliesLoaded (0ms)
			ExecutionOrderSort2 (0ms)
			AwakeInstancesAfterBackupRestoration (6ms)
Platform modules already initialized, skipping
Shader 'WFX/Transparent Diffuse': fallback shader 'Particles/Alpha Blended' not found
Shader 'WFX/Transparent Specular': fallback shader 'Particles/Alpha Blended' not found
Refreshing native plugins compatible for Editor in 0.52 ms, found 2 plugins.
Preloading 0 native plugins for Editor in 0.00 ms.
Unloading 2385 Unused Serialized files (Serialized files now loaded: 0)
System memory in use before: 111.4 MB.
System memory in use after: 111.6 MB.

Unloading 15 unused Assets to reduce memory usage. Loaded Objects now: 2925.
Total: 2.993100 ms (FindLiveObjects: 0.208600 ms CreateObjectMapping: 0.103100 ms MarkObjects: 2.662400 ms  DeleteObjects: 0.018300 ms)

AssetImportParameters requested are different than current active one (requested -> active):
  custom:framework-win-MediaFoundation: 216162199b28c13a410421893ffa2e32 -> 
  custom:video-decoder-ogg-theora: a1e56fd34408186e4bbccfd4996cb3dc -> 
  custom:container-muxer-webm: aa71ff27fc2769a1b78a27578f13a17b -> 
  custom:container-demuxer-webm: 4f35f7cbe854078d1ac9338744f61a02 -> 
  custom:container-demuxer-ogg: 62fdf1f143b41e24485cea50d1cbac27 -> 
  custom:video-encoder-webm-vp8: eb34c28f22e8b96e1ab97ce403110664 -> 
  custom:video-codec-MediaFoundation-h265: 746d11721c4dcdbdad8f713fa42b33f4 -> 
  custom:video-decoder-webm-vp8: 9c59270c3fd7afecdb556c50c9e8de78 -> 
  custom:audio-decoder-ogg-vorbis: bf7c407c2cedff20999df2af8eb42d56 -> 
  custom:audio-encoder-webm-vorbis: bf7c407c2cedff20999df2af8eb42d56 -> 
========================================================================
Received Import Request.
  Time since last request: 677.414594 seconds.
  path: Assets/Scripts/PlayAnimation.cs
  artifactKey: Guid(fa4e521175fd410429a5419f2c523527) Importer(815301076,1909f56bfc062723c751e8b465ee728b)
Start importing Assets/Scripts/PlayAnimation.cs using Guid(fa4e521175fd410429a5419f2c523527) Importer(815301076,1909f56bfc062723c751e8b465ee728b)  -> (artifact id: '7436487a5af2ea01060fc321a5fdd040') in 0.007362 seconds 
========================================================================
Received Prepare
Registering precompiled user dll's ...
Registered in 0.001926 seconds.
Begin MonoManager ReloadAssembly
Native extension for WindowsStandalone target not found
Refreshing native plugins compatible for Editor in 0.50 ms, found 2 plugins.
Preloading 0 native plugins for Editor in 0.00 ms.
Mono: successfully reloaded assembly
- Completed reload, in  1.065 seconds
Domain Reload Profiling:
	ReloadAssembly (1066ms)
		BeginReloadAssembly (100ms)
			ExecutionOrderSort (0ms)
			DisableScriptedObjects (5ms)
			BackupInstance (0ms)
			ReleaseScriptingObjects (0ms)
			CreateAndSetChildDomain (29ms)
		EndReloadAssembly (914ms)
			LoadAssemblies (82ms)
			RebuildTransferFunctionScriptingTraits (0ms)
			SetupTypeCache (273ms)
			ReleaseScriptCaches (1ms)
			RebuildScriptCaches (38ms)
			SetupLoadedEditorAssemblies (435ms)
				LogAssemblyErrors (0ms)
				InitializePlatformSupportModulesInManaged (3ms)
				SetLoadedEditorAssemblies (0ms)
				RefreshPlugins (1ms)
				BeforeProcessingInitializeOnLoad (81ms)
				ProcessInitializeOnLoadAttributes (337ms)
				ProcessInitializeOnLoadMethodAttributes (7ms)
				AfterProcessingInitializeOnLoad (5ms)
				EditorAssembliesLoaded (0ms)
			ExecutionOrderSort2 (0ms)
			AwakeInstancesAfterBackupRestoration (6ms)
Platform modules already initialized, skipping
Shader 'WFX/Transparent Diffuse': fallback shader 'Particles/Alpha Blended' not found
Shader 'WFX/Transparent Specular': fallback shader 'Particles/Alpha Blended' not found
Refreshing native plugins compatible for Editor in 0.51 ms, found 2 plugins.
Preloading 0 native plugins for Editor in 0.00 ms.
Unloading 2384 Unused Serialized files (Serialized files now loaded: 0)
System memory in use before: 111.4 MB.
System memory in use after: 111.6 MB.

Unloading 15 unused Assets to reduce memory usage. Loaded Objects now: 2927.
Total: 3.033000 ms (FindLiveObjects: 0.201300 ms CreateObjectMapping: 0.110600 ms MarkObjects: 2.701000 ms  DeleteObjects: 0.019500 ms)

AssetImportParameters requested are different than current active one (requested -> active):
  custom:framework-win-MediaFoundation: 216162199b28c13a410421893ffa2e32 -> 
  custom:video-decoder-ogg-theora: a1e56fd34408186e4bbccfd4996cb3dc -> 
  custom:container-muxer-webm: aa71ff27fc2769a1b78a27578f13a17b -> 
  custom:container-demuxer-webm: 4f35f7cbe854078d1ac9338744f61a02 -> 
  custom:container-demuxer-ogg: 62fdf1f143b41e24485cea50d1cbac27 -> 
  custom:video-encoder-webm-vp8: eb34c28f22e8b96e1ab97ce403110664 -> 
  custom:video-codec-MediaFoundation-h265: 746d11721c4dcdbdad8f713fa42b33f4 -> 
  custom:video-decoder-webm-vp8: 9c59270c3fd7afecdb556c50c9e8de78 -> 
  custom:audio-decoder-ogg-vorbis: bf7c407c2cedff20999df2af8eb42d56 -> 
  custom:audio-encoder-webm-vorbis: bf7c407c2cedff20999df2af8eb42d56 -> 
========================================================================
Received Prepare
Registering precompiled user dll's ...
Registered in 0.002006 seconds.
Begin MonoManager ReloadAssembly
Native extension for WindowsStandalone target not found
Refreshing native plugins compatible for Editor in 0.54 ms, found 2 plugins.
Preloading 0 native plugins for Editor in 0.00 ms.
Mono: successfully reloaded assembly
- Completed reload, in  1.071 seconds
Domain Reload Profiling:
	ReloadAssembly (1071ms)
		BeginReloadAssembly (104ms)
			ExecutionOrderSort (0ms)
			DisableScriptedObjects (5ms)
			BackupInstance (0ms)
			ReleaseScriptingObjects (0ms)
			CreateAndSetChildDomain (32ms)
		EndReloadAssembly (914ms)
			LoadAssemblies (81ms)
			RebuildTransferFunctionScriptingTraits (0ms)
			SetupTypeCache (272ms)
			ReleaseScriptCaches (1ms)
			RebuildScriptCaches (41ms)
			SetupLoadedEditorAssemblies (433ms)
				LogAssemblyErrors (0ms)
				InitializePlatformSupportModulesInManaged (3ms)
				SetLoadedEditorAssemblies (0ms)
				RefreshPlugins (1ms)
				BeforeProcessingInitializeOnLoad (82ms)
				ProcessInitializeOnLoadAttributes (333ms)
				ProcessInitializeOnLoadMethodAttributes (7ms)
				AfterProcessingInitializeOnLoad (5ms)
				EditorAssembliesLoaded (0ms)
			ExecutionOrderSort2 (0ms)
			AwakeInstancesAfterBackupRestoration (6ms)
Platform modules already initialized, skipping
Shader 'WFX/Transparent Diffuse': fallback shader 'Particles/Alpha Blended' not found
Shader 'WFX/Transparent Specular': fallback shader 'Particles/Alpha Blended' not found
Refreshing native plugins compatible for Editor in 0.50 ms, found 2 plugins.
Preloading 0 native plugins for Editor in 0.00 ms.
Unloading 2384 Unused Serialized files (Serialized files now loaded: 0)
System memory in use before: 111.4 MB.
System memory in use after: 111.6 MB.

Unloading 14 unused Assets to reduce memory usage. Loaded Objects now: 2930.
Total: 2.973400 ms (FindLiveObjects: 0.202900 ms CreateObjectMapping: 0.100200 ms MarkObjects: 2.648600 ms  DeleteObjects: 0.021000 ms)

AssetImportParameters requested are different than current active one (requested -> active):
  custom:framework-win-MediaFoundation: 216162199b28c13a410421893ffa2e32 -> 
  custom:video-decoder-ogg-theora: a1e56fd34408186e4bbccfd4996cb3dc -> 
  custom:container-muxer-webm: aa71ff27fc2769a1b78a27578f13a17b -> 
  custom:container-demuxer-webm: 4f35f7cbe854078d1ac9338744f61a02 -> 
  custom:container-demuxer-ogg: 62fdf1f143b41e24485cea50d1cbac27 -> 
  custom:video-encoder-webm-vp8: eb34c28f22e8b96e1ab97ce403110664 -> 
  custom:video-codec-MediaFoundation-h265: 746d11721c4dcdbdad8f713fa42b33f4 -> 
  custom:video-decoder-webm-vp8: 9c59270c3fd7afecdb556c50c9e8de78 -> 
  custom:audio-decoder-ogg-vorbis: bf7c407c2cedff20999df2af8eb42d56 -> 
  custom:audio-encoder-webm-vorbis: bf7c407c2cedff20999df2af8eb42d56 -> 
========================================================================
Received Prepare
Registering precompiled user dll's ...
Registered in 0.002090 seconds.
Begin MonoManager ReloadAssembly
Native extension for WindowsStandalone target not found
Refreshing native plugins compatible for Editor in 0.79 ms, found 2 plugins.
Preloading 0 native plugins for Editor in 0.00 ms.
Mono: successfully reloaded assembly
- Completed reload, in  1.150 seconds
Domain Reload Profiling:
	ReloadAssembly (1150ms)
		BeginReloadAssembly (101ms)
			ExecutionOrderSort (0ms)
			DisableScriptedObjects (4ms)
			BackupInstance (0ms)
			ReleaseScriptingObjects (0ms)
			CreateAndSetChildDomain (30ms)
		EndReloadAssembly (997ms)
			LoadAssemblies (82ms)
			RebuildTransferFunctionScriptingTraits (0ms)
			SetupTypeCache (288ms)
			ReleaseScriptCaches (1ms)
			RebuildScriptCaches (44ms)
			SetupLoadedEditorAssemblies (480ms)
				LogAssemblyErrors (0ms)
				InitializePlatformSupportModulesInManaged (4ms)
				SetLoadedEditorAssemblies (0ms)
				RefreshPlugins (1ms)
				BeforeProcessingInitializeOnLoad (90ms)
				ProcessInitializeOnLoadAttributes (371ms)
				ProcessInitializeOnLoadMethodAttributes (8ms)
				AfterProcessingInitializeOnLoad (5ms)
				EditorAssembliesLoaded (0ms)
			ExecutionOrderSort2 (0ms)
			AwakeInstancesAfterBackupRestoration (6ms)
Platform modules already initialized, skipping
Shader 'WFX/Transparent Diffuse': fallback shader 'Particles/Alpha Blended' not found
Shader 'WFX/Transparent Specular': fallback shader 'Particles/Alpha Blended' not found
Refreshing native plugins compatible for Editor in 0.53 ms, found 2 plugins.
Preloading 0 native plugins for Editor in 0.00 ms.
Unloading 2384 Unused Serialized files (Serialized files now loaded: 0)
System memory in use before: 111.4 MB.
System memory in use after: 111.6 MB.

Unloading 14 unused Assets to reduce memory usage. Loaded Objects now: 2933.
Total: 3.064700 ms (FindLiveObjects: 0.195800 ms CreateObjectMapping: 0.085900 ms MarkObjects: 2.765600 ms  DeleteObjects: 0.016800 ms)

AssetImportParameters requested are different than current active one (requested -> active):
  custom:framework-win-MediaFoundation: 216162199b28c13a410421893ffa2e32 -> 
  custom:video-decoder-ogg-theora: a1e56fd34408186e4bbccfd4996cb3dc -> 
  custom:container-muxer-webm: aa71ff27fc2769a1b78a27578f13a17b -> 
  custom:container-demuxer-webm: 4f35f7cbe854078d1ac9338744f61a02 -> 
  custom:container-demuxer-ogg: 62fdf1f143b41e24485cea50d1cbac27 -> 
  custom:video-encoder-webm-vp8: eb34c28f22e8b96e1ab97ce403110664 -> 
  custom:video-codec-MediaFoundation-h265: 746d11721c4dcdbdad8f713fa42b33f4 -> 
  custom:video-decoder-webm-vp8: 9c59270c3fd7afecdb556c50c9e8de78 -> 
  custom:audio-decoder-ogg-vorbis: bf7c407c2cedff20999df2af8eb42d56 -> 
  custom:audio-encoder-webm-vorbis: bf7c407c2cedff20999df2af8eb42d56 -> 
AssetImportWorkerClient::OnTransportError - code=2 error=End of file
